[2018-05-17 10:03:23] [INFO] 查询上次查询的更新id(repertory)方法: 从文件中取得last_update为: 2018-05-16 13:06:58
[2018-05-17 10:03:23] [INFO] 查询repertory信息成功, id: 2018-05-16 13:06:58开始, 查询出: 4条库存信息.
[2018-05-17 10:04:09] [INFO] 查询上次查询的更新id(repertory)方法: 从文件中取得last_update为: 2018-05-16 13:06:58
[2018-05-17 10:04:09] [INFO] 查询repertory信息成功, id: 2018-05-16 13:06:58开始, 查询出: 4条库存信息.
[2018-05-17 10:04:55] [INFO] 查询上次查询的更新id(repertory)方法: 从文件中取得last_update为: 2018-05-16 13:06:58
[2018-05-17 10:04:55] [INFO] 查询repertory信息成功, id: 2018-05-16 13:06:58开始, 查询出: 4条库存信息.
[2018-05-17 10:07:25] [INFO] 查询上次查询的更新id(repertory)方法: 从文件中取得last_update为: 2018-05-16 13:06:58
[2018-05-17 10:07:25] [INFO] 查询repertory信息成功, id: 2018-05-16 13:06:58开始, 查询出: 4条库存信息.
[2018-05-17 10:07:34] [INFO] 1, 插入一条repertory信息到数据仓库, id: 100229, name: 超白黑人牙膏多效护理190g
[2018-05-17 10:07:34] [INFO] 2, 插入一条repertory信息到数据仓库, id: 100228, name: 南洋铁盒红双喜
[2018-05-17 10:07:34] [INFO] 3, 插入一条repertory信息到数据仓库, id: 100230, name: 黑人双重薄荷强健牙釉质温和牙膏120g
[2018-05-17 10:07:34] [INFO] 4, 插入一条repertory信息到数据仓库, id: 100216, name: 娃哈哈
[2018-05-17 10:07:34] [INFO] 查询上次查询的更新id(repertory)方法: 从文件中取得last_update为: 2018-05-16 13:06:58
[2018-05-17 10:07:34] [INFO] 写last_update(repertory)到缓存文件中, 当前last_update为: 2018-05-16 13:06:58, 当前写入: 2018-05-16 19:42:09
[2018-05-18 10:39:06] [INFO] 查询上次查询的更新id(repertory)方法: 从文件中取得last_update为: 2018-05-16 19:42:09
[2018-05-18 10:39:06] [INFO] 查询repertory信息成功, id: 2018-05-16 19:42:09开始, 查询出: 27条库存信息.
[2018-05-18 10:39:23] [INFO] 1, 插入一条repertory信息到数据仓库, id: 100216, name: 娃哈哈
[2018-05-18 10:39:23] [INFO] 2, 插入一条repertory信息到数据仓库, id: 100231, name: 测试商品002
[2018-05-18 10:39:23] [INFO] 3, 插入一条repertory信息到数据仓库, id: 100232, name: 立顿绿茶50g
[2018-05-18 10:39:23] [INFO] 4, 插入一条repertory信息到数据仓库, id: 3021, name: 
[2018-05-18 10:39:23] [INFO] 5, 插入一条repertory信息到数据仓库, id: 100233, name: 测试商品002
[2018-05-18 10:39:24] [INFO] 6, 插入一条repertory信息到数据仓库, id: 100056, name: 66
[2018-05-18 10:39:24] [INFO] 7, 插入一条repertory信息到数据仓库, id: 100218, name: 90g黑人双重薄荷牙膏
[2018-05-18 10:39:24] [INFO] 8, 插入一条repertory信息到数据仓库, id: 100025, name: 健健康康
[2018-05-18 10:39:24] [INFO] 9, 插入一条repertory信息到数据仓库, id: 100153, name: *C&A黑提子加水果糖
[2018-05-18 10:39:24] [INFO] 10, 插入一条repertory信息到数据仓库, id: 100034, name: 云水
[2018-05-18 10:39:24] [INFO] 11, 插入一条repertory信息到数据仓库, id: 100235, name: 黑人双重薄荷牙膏120g
[2018-05-18 10:39:24] [INFO] 12, 插入一条repertory信息到数据仓库, id: 100236, name: 黑人彩浪健齿软毛牙刷
[2018-05-18 10:39:24] [INFO] 13, 插入一条repertory信息到数据仓库, id: 100226, name: 阿迪达斯
[2018-05-18 10:39:24] [INFO] 14, 插入一条repertory信息到数据仓库, id: 100030, name: 就行吧
[2018-05-18 10:39:24] [INFO] 15, 插入一条repertory信息到数据仓库, id: 100237, name: 黑人双重薄荷牙膏175g
[2018-05-18 10:39:24] [INFO] 16, 插入一条repertory信息到数据仓库, id: 100127, name: (袋装)统一香辣牛肉面100g
[2018-05-18 10:39:24] [INFO] 17, 插入一条repertory信息到数据仓库, id: 100238, name: 
[2018-05-18 10:39:24] [INFO] 18, 插入一条repertory信息到数据仓库, id: 2548, name: 无码商品
[2018-05-18 10:39:24] [INFO] 19, 插入一条repertory信息到数据仓库, id: 2897, name: ghg
[2018-05-18 10:39:24] [INFO] 20, 插入一条repertory信息到数据仓库, id: 100057, name: 黑人柔彩牙刷(软毛)
[2018-05-18 10:39:24] [INFO] 21, 插入一条repertory信息到数据仓库, id: 2898, name: 123456789
[2018-05-18 10:39:24] [INFO] 22, 插入一条repertory信息到数据仓库, id: 100071, name: 1.5A旅行充
[2018-05-18 10:39:24] [INFO] 23, 插入一条repertory信息到数据仓库, id: 100085, name: 原味麦片660g
[2018-05-18 10:39:24] [INFO] 24, 插入一条repertory信息到数据仓库, id: 100072, name: 不沾油棕刷（塑柄椰棕）
[2018-05-18 10:39:24] [INFO] 25, 插入一条repertory信息到数据仓库, id: 100239, name: 索菲特沐浴露
[2018-05-18 10:39:24] [INFO] 26, 插入一条repertory信息到数据仓库, id: 100234, name: 无码商品
[2018-05-18 10:39:24] [INFO] 27, 插入一条repertory信息到数据仓库, id: 100240, name: 纸巾
[2018-05-18 10:39:24] [INFO] 查询上次查询的更新id(repertory)方法: 从文件中取得last_update为: 2018-05-16 19:42:09
[2018-05-18 10:39:24] [INFO] 写last_update(repertory)到缓存文件中, 当前last_update为: 2018-05-16 19:42:09, 当前写入: 2018-05-17 21:13:59
[2018-05-18 10:42:05] [INFO] 查询上次查询的更新id(repertory)方法: 从文件中取得last_update为: 2018-05-17 21:13:59
[2018-05-18 10:42:05] [INFO] 查询repertory信息成功, id: 2018-05-17 21:13:59开始, 查询出: 1000条库存信息.
[2018-05-18 10:43:21] [INFO] 1, 插入一条repertory信息到数据仓库, id: 17501, name: 英雄牌高级碳素墨水
[2018-05-18 10:43:21] [INFO] 2, 插入一条repertory信息到数据仓库, id: 16638, name: 洽洽焦糖瓜子
[2018-05-18 10:43:21] [INFO] 3, 插入一条repertory信息到数据仓库, id: 16773, name: 108克洽洽核桃味瓜子
[2018-05-18 10:43:21] [INFO] 4, 插入一条repertory信息到数据仓库, id: 19302, name: 卫龙大面筋
[2018-05-18 10:43:21] [INFO] 5, 插入一条repertory信息到数据仓库, id: 24744, name: 35g洽洽鸡汁番茄薯片
[2018-05-18 10:43:21] [INFO] 6, 插入一条repertory信息到数据仓库, id: 53691, name: 70g好丽友呀土豆(烧鸡比萨)
[2018-05-18 10:43:21] [INFO] 7, 插入一条repertory信息到数据仓库, id: 61107, name: 51g洽洽喀吱脆著片（泡菜）
[2018-05-18 10:43:21] [INFO] 8, 插入一条repertory信息到数据仓库, id: 15949, name: 乖媳妇野山椒土鸡爪238g
[2018-05-18 10:43:21] [INFO] 9, 插入一条repertory信息到数据仓库, id: 16845, name: 农佳花生205g蒜味五香
[2018-05-18 10:43:21] [INFO] 10, 插入一条repertory信息到数据仓库, id: 17604, name: 70g好丽友呀土豆(薯条番茄)
[2018-05-18 10:43:21] [INFO] 11, 插入一条repertory信息到数据仓库, id: 89636, name: HA 农夫尖叫活性肽运动饮料550ml
[2018-05-18 10:43:21] [INFO] 12, 插入一条repertory信息到数据仓库, id: 84640, name: 娃哈哈营养快线水果牛奶饮品（原味）500ml
[2018-05-18 10:43:21] [INFO] 13, 插入一条repertory信息到数据仓库, id: 10749, name: 双喜（百年经典）
[2018-05-18 10:43:21] [INFO] 14, 插入一条repertory信息到数据仓库, id: 75522, name: 怡宝饮用纯净水
[2018-05-18 10:43:21] [INFO] 15, 插入一条repertory信息到数据仓库, id: 76629, name: 美味鲜蒜蓉辣椒酱260g
[2018-05-18 10:43:21] [INFO] 16, 插入一条repertory信息到数据仓库, id: 6222, name: 小茗同学青柠红茶
[2018-05-18 10:43:21] [INFO] 17, 插入一条repertory信息到数据仓库, id: 7136, name: 饮用天然矿泉水
[2018-05-18 10:43:22] [INFO] 18, 插入一条repertory信息到数据仓库, id: 8749, name: 维他柠檬茶 500ml(香港进口)
[2018-05-18 10:43:22] [INFO] 19, 插入一条repertory信息到数据仓库, id: 57272, name: 屈臣氏沙示汽水
[2018-05-18 10:43:22] [INFO] 20, 插入一条repertory信息到数据仓库, id: 16758, name: 福久福花生米120g
[2018-05-18 10:43:22] [INFO] 21, 插入一条repertory信息到数据仓库, id: 16728, name: 康师傅超爽桶KING老坛酸菜牛肉面
[2018-05-18 10:43:22] [INFO] 22, 插入一条repertory信息到数据仓库, id: 25326, name: 淳风派香辣卤香干
[2018-05-18 10:43:22] [INFO] 23, 插入一条repertory信息到数据仓库, id: 89638, name: 雅哈咖啡饮料（冰咖啡）450ml
[2018-05-18 10:43:22] [INFO] 24, 插入一条repertory信息到数据仓库, id: 8653, name: 王老吉凉茶植物饮料310毫升
[2018-05-18 10:43:22] [INFO] 25, 插入一条repertory信息到数据仓库, id: 8616, name: 9度特制纯生啤酒
[2018-05-18 10:43:22] [INFO] 26, 插入一条repertory信息到数据仓库, id: 5937, name: 乐事清爽黄瓜味40克*10包*4袋
[2018-05-18 10:43:22] [INFO] 27, 插入一条repertory信息到数据仓库, id: 69773, name: 五羊绿豆批
[2018-05-18 10:43:22] [INFO] 28, 插入一条repertory信息到数据仓库, id: 89637, name: 振信2015时尚粘钩
[2018-05-18 10:43:22] [INFO] 29, 插入一条repertory信息到数据仓库, id: 84715, name: 无穷蜂蜜烤鸡小腿13g
[2018-05-18 10:43:22] [INFO] 30, 插入一条repertory信息到数据仓库, id: 51843, name: 软双喜烟包
[2018-05-18 10:43:22] [INFO] 31, 插入一条repertory信息到数据仓库, id: 84673, name: 冰工厂清爽蓝莓棒冰
[2018-05-18 10:43:22] [INFO] 32, 插入一条repertory信息到数据仓库, id: 13212, name: 苹果醋饮料650ml
[2018-05-18 10:43:22] [INFO] 33, 插入一条repertory信息到数据仓库, id: 89639, name: 钓鱼总动员
[2018-05-18 10:43:22] [INFO] 34, 插入一条repertory信息到数据仓库, id: 7128, name: 芙蓉王(硬)
[2018-05-18 10:43:22] [INFO] 35, 插入一条repertory信息到数据仓库, id: 38405, name: 钻石(硬红)
[2018-05-18 10:43:22] [INFO] 36, 插入一条repertory信息到数据仓库, id: 39116, name: 食用青果槟榔（绿钻口味王）24g
[2018-05-18 10:43:22] [INFO] 37, 插入一条repertory信息到数据仓库, id: 6657, name: 450 统一鲜橙多
[2018-05-18 10:43:22] [INFO] 38, 插入一条repertory信息到数据仓库, id: 75459, name: 华丰三鲜伊面
[2018-05-18 10:43:23] [INFO] 39, 插入一条repertory信息到数据仓库, id: 78276, name: 大杯合味道 海鲜风味
[2018-05-18 10:43:23] [INFO] 40, 插入一条repertory信息到数据仓库, id: 89640, name: 万丰强力粘钩
[2018-05-18 10:43:23] [INFO] 41, 插入一条repertory信息到数据仓库, id: 79887, name: 可口可乐330ml
[2018-05-18 10:43:23] [INFO] 42, 插入一条repertory信息到数据仓库, id: 37375, name: 乐事墨西哥鸡汁番茄味40g
[2018-05-18 10:43:23] [INFO] 43, 插入一条repertory信息到数据仓库, id: 37378, name: 乐事大波浪薯片香脆烤鸡翅味40g
[2018-05-18 10:43:23] [INFO] 44, 插入一条repertory信息到数据仓库, id: 37434, name: 咪咪蟹粒
[2018-05-18 10:43:23] [INFO] 45, 插入一条repertory信息到数据仓库, id: 16593, name: 香辣菜
[2018-05-18 10:43:23] [INFO] 46, 插入一条repertory信息到数据仓库, id: 54682, name: 缔奇金菇梅菜80g
[2018-05-18 10:43:23] [INFO] 47, 插入一条repertory信息到数据仓库, id: 88906, name: 伊利牧场红枣牛奶味雪糕 70g
[2018-05-18 10:43:23] [INFO] 48, 插入一条repertory信息到数据仓库, id: 89641, name: 伊利冷饮玉米香雪糕 65g
[2018-05-18 10:43:23] [INFO] 49, 插入一条repertory信息到数据仓库, id: 54770, name: 可口可乐1.25L
[2018-05-18 10:43:23] [INFO] 50, 插入一条repertory信息到数据仓库, id: 62742, name: 绿豆饼
[2018-05-18 10:43:23] [INFO] 51, 插入一条repertory信息到数据仓库, id: 73656, name: 青岛老装啤酒
[2018-05-18 10:43:23] [INFO] 52, 插入一条repertory信息到数据仓库, id: 89642, name: 380克*30呈丰甜酒花生
[2018-05-18 10:43:23] [INFO] 53, 插入一条repertory信息到数据仓库, id: 20064, name: 无穷盐局鸡腿80G
[2018-05-18 10:43:23] [INFO] 54, 插入一条repertory信息到数据仓库, id: 73409, name: 优酸乳乳饮料——原味
[2018-05-18 10:43:23] [INFO] 55, 插入一条repertory信息到数据仓库, id: 76067, name: 奶片
[2018-05-18 10:43:23] [INFO] 56, 插入一条repertory信息到数据仓库, id: 87108, name: 螺霸王冲泡式螺蛳粉（其他方便食品）
[2018-05-18 10:43:23] [INFO] 57, 插入一条repertory信息到数据仓库, id: 69150, name: 果粒爽
[2018-05-18 10:43:23] [INFO] 58, 插入一条repertory信息到数据仓库, id: 56212, name: 七匹狼豪情香烟
[2018-05-18 10:43:23] [INFO] 59, 插入一条repertory信息到数据仓库, id: 61949, name: 可口可乐 330ml
[2018-05-18 10:43:23] [INFO] 60, 插入一条repertory信息到数据仓库, id: 49742, name: 伊利畅意乳酸菌饮品 330ml 
[2018-05-18 10:43:23] [INFO] 61, 插入一条repertory信息到数据仓库, id: 49931, name: 纯牛奶
[2018-05-18 10:43:23] [INFO] 62, 插入一条repertory信息到数据仓库, id: 58861, name: 乖媳妇山椒凤爪70g
[2018-05-18 10:43:23] [INFO] 63, 插入一条repertory信息到数据仓库, id: 53492, name: 10度580毫升燕京鲜啤
[2018-05-18 10:43:23] [INFO] 64, 插入一条repertory信息到数据仓库, id: 54242, name: 来一桶老坛酸菜牛肉味面120g
[2018-05-18 10:43:23] [INFO] 65, 插入一条repertory信息到数据仓库, id: 50340, name: 伊利冷饮老冰棍棒冰 85g
[2018-05-18 10:43:23] [INFO] 66, 插入一条repertory信息到数据仓库, id: 59999, name: 榄菊黑蚊香1*60
[2018-05-18 10:43:23] [INFO] 67, 插入一条repertory信息到数据仓库, id: 59664, name: 红塔山（硬经典1956）20支
[2018-05-18 10:43:23] [INFO] 68, 插入一条repertory信息到数据仓库, id: 67760, name: 卢云堡小麦啤酒500
[2018-05-18 10:43:24] [INFO] 69, 插入一条repertory信息到数据仓库, id: 9445, name: 利群（软红长嘴小包）
[2018-05-18 10:43:24] [INFO] 70, 插入一条repertory信息到数据仓库, id: 89643, name: 雄狮（薄荷）
[2018-05-18 10:43:24] [INFO] 71, 插入一条repertory信息到数据仓库, id: 77404, name: 9.8度珠江0度精品啤酒
[2018-05-18 10:43:24] [INFO] 72, 插入一条repertory信息到数据仓库, id: 79853, name: 重庆啤酒1646白啤酒
[2018-05-18 10:43:24] [INFO] 73, 插入一条repertory信息到数据仓库, id: 73139, name: 雪碧纤维+柠檬味汽水 500毫升
[2018-05-18 10:43:24] [INFO] 74, 插入一条repertory信息到数据仓库, id: 75844, name: 同享九制话梅45g
[2018-05-18 10:43:24] [INFO] 75, 插入一条repertory信息到数据仓库, id: 85822, name: 香港铁尺葡萄夹心饼450克
[2018-05-18 10:43:24] [INFO] 76, 插入一条repertory信息到数据仓库, id: 32596, name: 雪碧 1250毫升 PET 瓶
[2018-05-18 10:43:24] [INFO] 77, 插入一条repertory信息到数据仓库, id: 46805, name: 双喜(硬精品好日子)小盒
[2018-05-18 10:43:24] [INFO] 78, 插入一条repertory信息到数据仓库, id: 16083, name: 白沙(精品二代)
[2018-05-18 10:43:24] [INFO] 79, 插入一条repertory信息到数据仓库, id: 62123, name: 好日子(硬吉祥出口HK)小盒
[2018-05-18 10:43:24] [INFO] 80, 插入一条repertory信息到数据仓库, id: 5694, name: 怡宝饮用纯净水555毫升
[2018-05-18 10:43:24] [INFO] 81, 插入一条repertory信息到数据仓库, id: 14391, name: 美怡乐奶昔杯
[2018-05-18 10:43:24] [INFO] 82, 插入一条repertory信息到数据仓库, id: 24598, name: 东北大板新天地雪糕
[2018-05-18 10:43:24] [INFO] 83, 插入一条repertory信息到数据仓库, id: 30441, name: 雪屋冰淇淋
[2018-05-18 10:43:24] [INFO] 84, 插入一条repertory信息到数据仓库, id: 71238, name: 香瓜子285克
[2018-05-18 10:43:24] [INFO] 85, 插入一条repertory信息到数据仓库, id: 32932, name: 中囯劲酒520ML
[2018-05-18 10:43:24] [INFO] 86, 插入一条repertory信息到数据仓库, id: 28471, name: 和路雪可爱多芒果味 62g
[2018-05-18 10:43:24] [INFO] 87, 插入一条repertory信息到数据仓库, id: 37446, name: 旺仔小馒头原味蜂蜜16g
[2018-05-18 10:43:24] [INFO] 88, 插入一条repertory信息到数据仓库, id: 40558, name: 山楂
[2018-05-18 10:43:24] [INFO] 89, 插入一条repertory信息到数据仓库, id: 40595, name: 奥利奥草莓夹心饼干
[2018-05-18 10:43:24] [INFO] 90, 插入一条repertory信息到数据仓库, id: 84186, name: 旺旺黑白配香草味饼干60g
[2018-05-18 10:43:24] [INFO] 91, 插入一条repertory信息到数据仓库, id: 38870, name: 清风卷纸3层*10卷
[2018-05-18 10:43:24] [INFO] 92, 插入一条repertory信息到数据仓库, id: 89644, name: 排庄泥钉
[2018-05-18 10:43:24] [INFO] 93, 插入一条repertory信息到数据仓库, id: 35703, name: 百事可乐（罐）330ml
[2018-05-18 10:43:24] [INFO] 94, 插入一条repertory信息到数据仓库, id: 16006, name: 可口可乐330mL摩登罐
[2018-05-18 10:43:24] [INFO] 95, 插入一条repertory信息到数据仓库, id: 16086, name: 广式蒸面
[2018-05-18 10:43:24] [INFO] 96, 插入一条repertory信息到数据仓库, id: 45752, name: 伊利冷饮老冰棍棒冰 85g
[2018-05-18 10:43:24] [INFO] 97, 插入一条repertory信息到数据仓库, id: 79447, name: 小胶袋
[2018-05-18 10:43:24] [INFO] 98, 插入一条repertory信息到数据仓库, id: 22682, name: 饮用天然矿泉水
[2018-05-18 10:43:25] [INFO] 99, 插入一条repertory信息到数据仓库, id: 63927, name: 康师傅矿物质水1.5L
[2018-05-18 10:43:25] [INFO] 100, 插入一条repertory信息到数据仓库, id: 89645, name: 蔓越莓沙琪玛
[2018-05-18 10:43:25] [INFO] 101, 插入一条repertory信息到数据仓库, id: 33195, name: 红塔山 硬经典
[2018-05-18 10:43:25] [INFO] 102, 插入一条repertory信息到数据仓库, id: 65747, name: 
[2018-05-18 10:43:25] [INFO] 103, 插入一条repertory信息到数据仓库, id: 58415, name: 
[2018-05-18 10:43:25] [INFO] 104, 插入一条repertory信息到数据仓库, id: 46790, name: 玉溪
[2018-05-18 10:43:25] [INFO] 105, 插入一条repertory信息到数据仓库, id: 70193, name: 洁柔百花香餐巾纸 1*12
[2018-05-18 10:43:25] [INFO] 106, 插入一条repertory信息到数据仓库, id: 16763, name: 营养快线牛奶饮品（原味）500ml
[2018-05-18 10:43:25] [INFO] 107, 插入一条repertory信息到数据仓库, id: 76766, name: 广合335G腐乳
[2018-05-18 10:43:25] [INFO] 108, 插入一条repertory信息到数据仓库, id: 78065, name: 蒙牛绿豆
[2018-05-18 10:43:25] [INFO] 109, 插入一条repertory信息到数据仓库, id: 78250, name: 佰豆集奶香绿豆棒冰
[2018-05-18 10:43:25] [INFO] 110, 插入一条repertory信息到数据仓库, id: 79408, name: 玉米棒雪糕
[2018-05-18 10:43:25] [INFO] 111, 插入一条repertory信息到数据仓库, id: 85173, name: 粒豆捧冰 85g
[2018-05-18 10:43:25] [INFO] 112, 插入一条repertory信息到数据仓库, id: 46386, name: 黄鹤楼(硬红)20支
[2018-05-18 10:43:25] [INFO] 113, 插入一条repertory信息到数据仓库, id: 38889, name: 芙蓉王（硬）
[2018-05-18 10:43:25] [INFO] 114, 插入一条repertory信息到数据仓库, id: 36185, name: 芙蓉
[2018-05-18 10:43:25] [INFO] 115, 插入一条repertory信息到数据仓库, id: 39178, name: 健力宝橙蜜味运动饮料（含气型）560ml
[2018-05-18 10:43:25] [INFO] 116, 插入一条repertory信息到数据仓库, id: 46919, name: 饮用纯净水1.5L*6
[2018-05-18 10:43:25] [INFO] 117, 插入一条repertory信息到数据仓库, id: 7386, name: 双喜（硬金五叶神）
[2018-05-18 10:43:25] [INFO] 118, 插入一条repertory信息到数据仓库, id: 84184, name: 新奇士橙汁汽水500ml
[2018-05-18 10:43:25] [INFO] 119, 插入一条repertory信息到数据仓库, id: 47857, name: [148]景田百岁山天然矿泉水#
[2018-05-18 10:43:25] [INFO] 120, 插入一条repertory信息到数据仓库, id: 18791, name: 深层洁净护理洗衣液亮白增艳型（薰衣草）立袋500g
[2018-05-18 10:43:25] [INFO] 121, 插入一条repertory信息到数据仓库, id: 89646, name: 高露洁冰爽激凉牙膏120克
[2018-05-18 10:43:25] [INFO] 122, 插入一条repertory信息到数据仓库, id: 89647, name: 梦龙香草口味冰淇淋 64g
[2018-05-18 10:43:25] [INFO] 123, 插入一条repertory信息到数据仓库, id: 62289, name: 喜步佳
[2018-05-18 10:43:25] [INFO] 124, 插入一条repertory信息到数据仓库, id: 10079, name: 焕彩洁白牙刷
[2018-05-18 10:43:25] [INFO] 125, 插入一条repertory信息到数据仓库, id: 28845, name: 3122建立盖杯
[2018-05-18 10:43:25] [INFO] 126, 插入一条repertory信息到数据仓库, id: 81776, name: 冀南香香菇风味挂面
[2018-05-18 10:43:25] [INFO] 127, 插入一条repertory信息到数据仓库, id: 68927, name: 冰工厂炫菠萝雪泥
[2018-05-18 10:43:25] [INFO] 128, 插入一条repertory信息到数据仓库, id: 83703, name: 安尔乐七度空间夜A88808
[2018-05-18 10:43:25] [INFO] 129, 插入一条repertory信息到数据仓库, id: 65587, name: 绿力提子汁490ml
[2018-05-18 10:43:25] [INFO] 130, 插入一条repertory信息到数据仓库, id: 66914, name: 9.8度珠江0度精品啤酒600ml
[2018-05-18 10:43:26] [INFO] 131, 插入一条repertory信息到数据仓库, id: 67659, name: 王老吉瓶装凉茶
[2018-05-18 10:43:26] [INFO] 132, 插入一条repertory信息到数据仓库, id: 68207, name: 雪碧
[2018-05-18 10:43:26] [INFO] 133, 插入一条repertory信息到数据仓库, id: 70873, name: 甜心脆筒
[2018-05-18 10:43:26] [INFO] 134, 插入一条repertory信息到数据仓库, id: 18515, name: 怡宝4.5L
[2018-05-18 10:43:26] [INFO] 135, 插入一条repertory信息到数据仓库, id: 36270, name: 黄金叶烟
[2018-05-18 10:43:26] [INFO] 136, 插入一条repertory信息到数据仓库, id: 41931, name: 立白透明皂 101g
[2018-05-18 10:43:26] [INFO] 137, 插入一条repertory信息到数据仓库, id: 82757, name: 二宝香橙及柠檬夹心果汁糖
[2018-05-18 10:43:26] [INFO] 138, 插入一条repertory信息到数据仓库, id: 84119, name: 小食
[2018-05-18 10:43:26] [INFO] 139, 插入一条repertory信息到数据仓库, id: 31455, name: 南京(炫赫门)
[2018-05-18 10:43:26] [INFO] 140, 插入一条repertory信息到数据仓库, id: 33753, name: 四洲原味虾条80g
[2018-05-18 10:43:26] [INFO] 141, 插入一条repertory信息到数据仓库, id: 33826, name: 美好时光海苔原味
[2018-05-18 10:43:26] [INFO] 142, 插入一条repertory信息到数据仓库, id: 76297, name: 绿箭口香糖条装
[2018-05-18 10:43:26] [INFO] 143, 插入一条repertory信息到数据仓库, id: 77943, name: 雪糕
[2018-05-18 10:43:26] [INFO] 144, 插入一条repertory信息到数据仓库, id: 79693, name: 4.5g6束紫菜芥辣
[2018-05-18 10:43:26] [INFO] 145, 插入一条repertory信息到数据仓库, id: 65401, name: （非油炸）火鸡面
[2018-05-18 10:43:26] [INFO] 146, 插入一条repertory信息到数据仓库, id: 82964, name: 62g盐焗鸡翅（香辣）
[2018-05-18 10:43:26] [INFO] 147, 插入一条repertory信息到数据仓库, id: 73496, name: 铜锣烧
[2018-05-18 10:43:26] [INFO] 148, 插入一条repertory信息到数据仓库, id: 68225, name: 锦加兴潮汕酥饼
[2018-05-18 10:43:26] [INFO] 149, 插入一条repertory信息到数据仓库, id: 16153, name: 面包2
[2018-05-18 10:43:26] [INFO] 150, 插入一条repertory信息到数据仓库, id: 89648, name: 开森畅饮胃动力
[2018-05-18 10:43:26] [INFO] 151, 插入一条repertory信息到数据仓库, id: 56117, name: 康师傅 绿茶 调味茶饮品（蜂蜜茉莉味）
[2018-05-18 10:43:26] [INFO] 152, 插入一条repertory信息到数据仓库, id: 31467, name: 脉动维生素饮料（青柠口味）600ml
[2018-05-18 10:43:26] [INFO] 153, 插入一条repertory信息到数据仓库, id: 72150, name: 营养快线菠萝味 500ml
[2018-05-18 10:43:26] [INFO] 154, 插入一条repertory信息到数据仓库, id: 6530, name: 可口可乐330ml
[2018-05-18 10:43:26] [INFO] 155, 插入一条repertory信息到数据仓库, id: 33930, name: 鱼怪乖乖鱼尾湘辣味16克
[2018-05-18 10:43:26] [INFO] 156, 插入一条repertory信息到数据仓库, id: 34481, name: 哈哈毛豆 盘
[2018-05-18 10:43:26] [INFO] 157, 插入一条repertory信息到数据仓库, id: 36857, name: 鱼排 鱼尾 盘
[2018-05-18 10:43:26] [INFO] 158, 插入一条repertory信息到数据仓库, id: 32848, name: 老村长酒（大）
[2018-05-18 10:43:26] [INFO] 159, 插入一条repertory信息到数据仓库, id: 61549, name: 妮维雅男士水活多效洁面 100g
[2018-05-18 10:43:26] [INFO] 160, 插入一条repertory信息到数据仓库, id: 36102, name: 雪碧2L
[2018-05-18 10:43:26] [INFO] 161, 插入一条repertory信息到数据仓库, id: 88691, name: 
[2018-05-18 10:43:27] [INFO] 162, 插入一条repertory信息到数据仓库, id: 61242, name: 
[2018-05-18 10:43:27] [INFO] 163, 插入一条repertory信息到数据仓库, id: 54110, name: 250ml伊利纯牛奶
[2018-05-18 10:43:27] [INFO] 164, 插入一条repertory信息到数据仓库, id: 25339, name: 蒙牛酷爱纯脆草莓香草口味脆皮雪糕
[2018-05-18 10:43:27] [INFO] 165, 插入一条repertory信息到数据仓库, id: 46802, name: 黄鹤楼(软蓝)
[2018-05-18 10:43:27] [INFO] 166, 插入一条repertory信息到数据仓库, id: 47300, name: 康师傅 冰红茶（柠檬口味茶饮品）
[2018-05-18 10:43:27] [INFO] 167, 插入一条repertory信息到数据仓库, id: 89649, name: 老K扑克
[2018-05-18 10:43:27] [INFO] 168, 插入一条repertory信息到数据仓库, id: 89650, name: 蓝月亮深层洁净护理洗衣液（自然清香）
[2018-05-18 10:43:27] [INFO] 169, 插入一条repertory信息到数据仓库, id: 75379, name: 咪咪（蓝色）
[2018-05-18 10:43:27] [INFO] 170, 插入一条repertory信息到数据仓库, id: 31685, name: 中华（硬）
[2018-05-18 10:43:27] [INFO] 171, 插入一条repertory信息到数据仓库, id: 89651, name: 香脆豆
[2018-05-18 10:43:27] [INFO] 172, 插入一条repertory信息到数据仓库, id: 58030, name: 青岛醇厚啤酒
[2018-05-18 10:43:27] [INFO] 173, 插入一条repertory信息到数据仓库, id: 89652, name: 厂牌壳 108
[2018-05-18 10:43:27] [INFO] 174, 插入一条repertory信息到数据仓库, id: 89653, name: 厂牌壳  107
[2018-05-18 10:43:27] [INFO] 175, 插入一条repertory信息到数据仓库, id: 89654, name: 旺旺碎碎冰（综合水果味）78ml
[2018-05-18 10:43:27] [INFO] 176, 插入一条repertory信息到数据仓库, id: 89621, name: 香香鳕鱼片145g
[2018-05-18 10:43:27] [INFO] 177, 插入一条repertory信息到数据仓库, id: 74227, name: 康师傅香辣牛肉面超爽桶150g
[2018-05-18 10:43:27] [INFO] 178, 插入一条repertory信息到数据仓库, id: 69846, name: 
[2018-05-18 10:43:27] [INFO] 179, 插入一条repertory信息到数据仓库, id: 7891, name: 38g山椒凤爪（抓钱爪）
[2018-05-18 10:43:27] [INFO] 180, 插入一条repertory信息到数据仓库, id: 9141, name: 康师傅优悦包装饮用水 5550ml
[2018-05-18 10:43:27] [INFO] 181, 插入一条repertory信息到数据仓库, id: 9285, name: 康师傅 冰红茶（柠檬口味茶饮品）
[2018-05-18 10:43:27] [INFO] 182, 插入一条repertory信息到数据仓库, id: 16456, name: 可口可乐 1250毫升 PET 瓶
[2018-05-18 10:43:27] [INFO] 183, 插入一条repertory信息到数据仓库, id: 18124, name: 椰牛牌果肉椰子汁1.25L
[2018-05-18 10:43:27] [INFO] 184, 插入一条repertory信息到数据仓库, id: 18078, name: ZH雀巢丝滑拿铁即饮咖啡
[2018-05-18 10:43:27] [INFO] 185, 插入一条repertory信息到数据仓库, id: 75436, name: 康师傅乌龙茗茶
[2018-05-18 10:43:28] [INFO] 186, 插入一条repertory信息到数据仓库, id: 75516, name: 无穷盐局鸡翅60G
[2018-05-18 10:43:28] [INFO] 187, 插入一条repertory信息到数据仓库, id: 71947, name: 茶兀 绿茶500ml
[2018-05-18 10:43:28] [INFO] 188, 插入一条repertory信息到数据仓库, id: 62811, name: 罐南洋红双喜
[2018-05-18 10:43:28] [INFO] 189, 插入一条repertory信息到数据仓库, id: 89655, name: 6921294357769
[2018-05-18 10:43:28] [INFO] 190, 插入一条repertory信息到数据仓库, id: 89656, name: nuomi
[2018-05-18 10:43:28] [INFO] 191, 插入一条repertory信息到数据仓库, id: 38026, name: 铁苹果
[2018-05-18 10:43:28] [INFO] 192, 插入一条repertory信息到数据仓库, id: 68553, name: 30长梁方钢锁
[2018-05-18 10:43:28] [INFO] 193, 插入一条repertory信息到数据仓库, id: 11714, name: 和路雪麦酷狮（绿舌头苹果口味）
[2018-05-18 10:43:28] [INFO] 194, 插入一条repertory信息到数据仓库, id: 11960, name: 可爱多甜筒巧克力67g
[2018-05-18 10:43:28] [INFO] 195, 插入一条repertory信息到数据仓库, id: 79794, name: 利群新版（条）
[2018-05-18 10:43:28] [INFO] 196, 插入一条repertory信息到数据仓库, id: 66992, name: 百威啤酒500ml
[2018-05-18 10:43:28] [INFO] 197, 插入一条repertory信息到数据仓库, id: 14429, name: 怡宝4.5L
[2018-05-18 10:43:28] [INFO] 198, 插入一条repertory信息到数据仓库, id: 73502, name: 白沙(硬)
[2018-05-18 10:43:28] [INFO] 199, 插入一条repertory信息到数据仓库, id: 23792, name: 海珠12度啤酒
[2018-05-18 10:43:28] [INFO] 200, 插入一条repertory信息到数据仓库, id: 86451, name: 快达椰浆
[2018-05-18 10:43:28] [INFO] 201, 插入一条repertory信息到数据仓库, id: 7154, name: 钻石过滤嘴香烟
[2018-05-18 10:43:28] [INFO] 202, 插入一条repertory信息到数据仓库, id: 75417, name: 3元面包
[2018-05-18 10:43:28] [INFO] 203, 插入一条repertory信息到数据仓库, id: 40030, name: 黄鹤楼(硬大彩)
[2018-05-18 10:43:28] [INFO] 204, 插入一条repertory信息到数据仓库, id: 40360, name: 伊利冷饮冰工厂炫菠萝雪泥 80g
[2018-05-18 10:43:28] [INFO] 205, 插入一条repertory信息到数据仓库, id: 40388, name: 伊利安慕希希腊酸奶 205g
[2018-05-18 10:43:28] [INFO] 206, 插入一条repertory信息到数据仓库, id: 44962, name: 广合腐乳（微辣）335g
[2018-05-18 10:43:28] [INFO] 207, 插入一条repertory信息到数据仓库, id: 26923, name: 伊利 升级佰豆集伊利心情棒冰 70g
[2018-05-18 10:43:28] [INFO] 208, 插入一条repertory信息到数据仓库, id: 33557, name: 黄鹤楼精品香烟
[2018-05-18 10:43:29] [INFO] 209, 插入一条repertory信息到数据仓库, id: 84321, name: 洽洽香瓜子160g
[2018-05-18 10:43:29] [INFO] 210, 插入一条repertory信息到数据仓库, id: 75659, name: 24K各类学生练习本(新)
[2018-05-18 10:43:29] [INFO] 211, 插入一条repertory信息到数据仓库, id: 78912, name: 英语本
[2018-05-18 10:43:29] [INFO] 212, 插入一条repertory信息到数据仓库, id: 45123, name: 亲嘴豆皮65g
[2018-05-18 10:43:29] [INFO] 213, 插入一条repertory信息到数据仓库, id: 46110, name: 雪碧 330ml
[2018-05-18 10:43:29] [INFO] 214, 插入一条repertory信息到数据仓库, id: 46329, name: 伊利畅轻燕麦+黄桃 250g
[2018-05-18 10:43:29] [INFO] 215, 插入一条repertory信息到数据仓库, id: 62660, name: 统一汤达人日式豚骨拉面78g
[2018-05-18 10:43:29] [INFO] 216, 插入一条repertory信息到数据仓库, id: 89657, name: 卡士酸酪乳原味100g*3
[2018-05-18 10:43:29] [INFO] 217, 插入一条repertory信息到数据仓库, id: 35665, name: 维他原味豆奶250ml
[2018-05-18 10:43:29] [INFO] 218, 插入一条repertory信息到数据仓库, id: 10411, name: 柠檬味汽水
[2018-05-18 10:43:29] [INFO] 219, 插入一条repertory信息到数据仓库, id: 22440, name: 精品白沙
[2018-05-18 10:43:29] [INFO] 220, 插入一条repertory信息到数据仓库, id: 63788, name: 双喜(硬经典1906)
[2018-05-18 10:43:29] [INFO] 221, 插入一条repertory信息到数据仓库, id: 16598, name: 海之言柠檬口味500ml
[2018-05-18 10:43:29] [INFO] 222, 插入一条repertory信息到数据仓库, id: 19198, name: 南孚5号（粒）
[2018-05-18 10:43:29] [INFO] 223, 插入一条repertory信息到数据仓库, id: 89658, name: 桂圆莲子八宝粥360g
[2018-05-18 10:43:29] [INFO] 224, 插入一条repertory信息到数据仓库, id: 19216, name: 双喜(软珍品好日子)小盒
[2018-05-18 10:43:29] [INFO] 225, 插入一条repertory信息到数据仓库, id: 66906, name: 红牛
[2018-05-18 10:43:29] [INFO] 226, 插入一条repertory信息到数据仓库, id: 41952, name: 榄菊黑蚊香1*60
[2018-05-18 10:43:29] [INFO] 227, 插入一条repertory信息到数据仓库, id: 89659, name: 飘香世界唯我爱美香水40ml
[2018-05-18 10:43:29] [INFO] 228, 插入一条repertory信息到数据仓库, id: 70884, name: 五羊牌甜筒
[2018-05-18 10:43:29] [INFO] 229, 插入一条repertory信息到数据仓库, id: 59946, name: 榄菊电热液体蚊香(清香型)48ml 1*60
[2018-05-18 10:43:29] [INFO] 230, 插入一条repertory信息到数据仓库, id: 21204, name: 康师傅香辣牛肉面超爽桶150g
[2018-05-18 10:43:29] [INFO] 231, 插入一条repertory信息到数据仓库, id: 89660, name: 农夫山泉茶兀4种饮料
[2018-05-18 10:43:29] [INFO] 232, 插入一条repertory信息到数据仓库, id: 35679, name: 茶π西柚茉莉花茶500ml
[2018-05-18 10:43:29] [INFO] 233, 插入一条repertory信息到数据仓库, id: 35738, name: 尖叫蓝色500ml
[2018-05-18 10:43:29] [INFO] 234, 插入一条repertory信息到数据仓库, id: 35739, name: 尖叫绿色500ml
[2018-05-18 10:43:30] [INFO] 235, 插入一条repertory信息到数据仓库, id: 35749, name: 农夫果园果汁芒果500ml
[2018-05-18 10:43:30] [INFO] 236, 插入一条repertory信息到数据仓库, id: 35760, name: 农夫山泉矿泉水535
[2018-05-18 10:43:30] [INFO] 237, 插入一条repertory信息到数据仓库, id: 37150, name: 茶兀 红茶500ml
[2018-05-18 10:43:30] [INFO] 238, 插入一条repertory信息到数据仓库, id: 39654, name: 维快乐/情人梅
[2018-05-18 10:43:30] [INFO] 239, 插入一条repertory信息到数据仓库, id: 5132, name: 成都去皮榨菜丝
[2018-05-18 10:43:30] [INFO] 240, 插入一条repertory信息到数据仓库, id: 82802, name: 博顿/薯脆
[2018-05-18 10:43:30] [INFO] 241, 插入一条repertory信息到数据仓库, id: 70934, name: 素肉串/源味来
[2018-05-18 10:43:30] [INFO] 242, 插入一条repertory信息到数据仓库, id: 30798, name: 俏扁担金针菇（炸椒味）
[2018-05-18 10:43:30] [INFO] 243, 插入一条repertory信息到数据仓库, id: 30801, name: 俏扁担金针菇脆笋（炸椒味）
[2018-05-18 10:43:30] [INFO] 244, 插入一条repertory信息到数据仓库, id: 19127, name: 锦兴/板栗酥
[2018-05-18 10:43:30] [INFO] 245, 插入一条repertory信息到数据仓库, id: 19133, name: 金联豆26g
[2018-05-18 10:43:30] [INFO] 246, 插入一条repertory信息到数据仓库, id: 23138, name: 达利园派蛋黄味注心蛋类芯饼 250g
[2018-05-18 10:43:30] [INFO] 247, 插入一条repertory信息到数据仓库, id: 75297, name: 150冠华白玉花生
[2018-05-18 10:43:30] [INFO] 248, 插入一条repertory信息到数据仓库, id: 48363, name: 五羊香芋味甜筒 73g
[2018-05-18 10:43:30] [INFO] 249, 插入一条repertory信息到数据仓库, id: 66825, name: 雪花10度银标纯生580ml
[2018-05-18 10:43:30] [INFO] 250, 插入一条repertory信息到数据仓库, id: 41599, name: 2L雪碧柠檬味汽水
[2018-05-18 10:43:30] [INFO] 251, 插入一条repertory信息到数据仓库, id: 33499, name: 双喜(硬精品好日子)小盒
[2018-05-18 10:43:30] [INFO] 252, 插入一条repertory信息到数据仓库, id: 28098, name: 立白超浓缩1.268千克
[2018-05-18 10:43:30] [INFO] 253, 插入一条repertory信息到数据仓库, id: 69149, name: 乐虎饮料
[2018-05-18 10:43:30] [INFO] 254, 插入一条repertory信息到数据仓库, id: 81062, name: 清风原木手帕纸单包
[2018-05-18 10:43:30] [INFO] 255, 插入一条repertory信息到数据仓库, id: 88388, name: 无穷香辣味盐局鸡腿75g
[2018-05-18 10:43:30] [INFO] 256, 插入一条repertory信息到数据仓库, id: 6452, name: 中华（硬）
[2018-05-18 10:43:30] [INFO] 257, 插入一条repertory信息到数据仓库, id: 8347, name: 500听 百威啤酒
[2018-05-18 10:43:30] [INFO] 258, 插入一条repertory信息到数据仓库, id: 8562, name: 青岛啤酒10度500毫升超爽易拉罐
[2018-05-18 10:43:30] [INFO] 259, 插入一条repertory信息到数据仓库, id: 89661, name: 5557号电池高功率(4粒)
[2018-05-18 10:43:30] [INFO] 260, 插入一条repertory信息到数据仓库, id: 89662, name: 康师傅香辣牛肉面102g
[2018-05-18 10:43:31] [INFO] 261, 插入一条repertory信息到数据仓库, id: 73522, name: 洽洽原香瓜子150g
[2018-05-18 10:43:31] [INFO] 262, 插入一条repertory信息到数据仓库, id: 86539, name: 沃捷甘蔗马蹄爽水果饮料
[2018-05-18 10:43:31] [INFO] 263, 插入一条repertory信息到数据仓库, id: 68383, name: 中国劲酒 125ml
[2018-05-18 10:43:31] [INFO] 264, 插入一条repertory信息到数据仓库, id: 46483, name: 云烟软珍品
[2018-05-18 10:43:31] [INFO] 265, 插入一条repertory信息到数据仓库, id: 52737, name: 五羊筒榴莲味73g
[2018-05-18 10:43:31] [INFO] 266, 插入一条repertory信息到数据仓库, id: 62944, name: 大前门软盒
[2018-05-18 10:43:31] [INFO] 267, 插入一条repertory信息到数据仓库, id: 74729, name: 双喜（硬红五叶神）
[2018-05-18 10:43:31] [INFO] 268, 插入一条repertory信息到数据仓库, id: 41108, name: 达利园和其王凉茶 600ml
[2018-05-18 10:43:31] [INFO] 269, 插入一条repertory信息到数据仓库, id: 18447, name: 1906（硬）双喜
[2018-05-18 10:43:31] [INFO] 270, 插入一条repertory信息到数据仓库, id: 21179, name: 强化型红牛250ml
[2018-05-18 10:43:31] [INFO] 271, 插入一条repertory信息到数据仓库, id: 40904, name: 加多宝(胶瓶)500ml
[2018-05-18 10:43:31] [INFO] 272, 插入一条repertory信息到数据仓库, id: 44262, name: 王老吉(胶瓶)500ml
[2018-05-18 10:43:31] [INFO] 273, 插入一条repertory信息到数据仓库, id: 52718, name: 脉动青柠600ml
[2018-05-18 10:43:31] [INFO] 274, 插入一条repertory信息到数据仓库, id: 73111, name: 王老吉250ml
[2018-05-18 10:43:31] [INFO] 275, 插入一条repertory信息到数据仓库, id: 58324, name: 乐呱毛巾
[2018-05-18 10:43:31] [INFO] 276, 插入一条repertory信息到数据仓库, id: 43608, name: 傻二哥多味花生酱汁牛肉味
[2018-05-18 10:43:31] [INFO] 277, 插入一条repertory信息到数据仓库, id: 39222, name: 康师傅矿物质水1.5L
[2018-05-18 10:43:31] [INFO] 278, 插入一条repertory信息到数据仓库, id: 40433, name: 康师傅水蜜桃1L
[2018-05-18 10:43:31] [INFO] 279, 插入一条repertory信息到数据仓库, id: 40808, name: 芬达橙 330毫升 罐
[2018-05-18 10:43:31] [INFO] 280, 插入一条repertory信息到数据仓库, id: 8099, name: 无穷铝膜盐焗鸡腿70g
[2018-05-18 10:43:31] [INFO] 281, 插入一条repertory信息到数据仓库, id: 12538, name: 双汇鸡肉肠70g
[2018-05-18 10:43:31] [INFO] 282, 插入一条repertory信息到数据仓库, id: 60869, name: 可口可乐 300ml
[2018-05-18 10:43:31] [INFO] 283, 插入一条repertory信息到数据仓库, id: 60993, name: 玉溪
[2018-05-18 10:43:31] [INFO] 284, 插入一条repertory信息到数据仓库, id: 40801, name: 泰奇优惠装八宝粥
[2018-05-18 10:43:31] [INFO] 285, 插入一条repertory信息到数据仓库, id: 85198, name: 统一绿茶茉莉味（调味茶饮料）500ml
[2018-05-18 10:43:31] [INFO] 286, 插入一条repertory信息到数据仓库, id: 89663, name: 洁柔三层抽纸
[2018-05-18 10:43:31] [INFO] 287, 插入一条repertory信息到数据仓库, id: 36071, name: 百威哈尔滨冰纯啤酒500ml
[2018-05-18 10:43:32] [INFO] 288, 插入一条repertory信息到数据仓库, id: 35478, name: 口味王青果槟榔20元
[2018-05-18 10:43:32] [INFO] 289, 插入一条repertory信息到数据仓库, id: 36612, name: 东方红纯胶牛筋加厚工业手套
[2018-05-18 10:43:32] [INFO] 290, 插入一条repertory信息到数据仓库, id: 36699, name: 厨房剪
[2018-05-18 10:43:32] [INFO] 291, 插入一条repertory信息到数据仓库, id: 89664, name: 筷子
[2018-05-18 10:43:32] [INFO] 292, 插入一条repertory信息到数据仓库, id: 83698, name: 小米锅巴（烧烤味）80g
[2018-05-18 10:43:32] [INFO] 293, 插入一条repertory信息到数据仓库, id: 45804, name: 丽芝士奶酪威化饼
[2018-05-18 10:43:32] [INFO] 294, 插入一条repertory信息到数据仓库, id: 23861, name: 双喜(硬经典1906)
[2018-05-18 10:43:32] [INFO] 295, 插入一条repertory信息到数据仓库, id: 70796, name: 无穷盐焗鸡翅60g
[2018-05-18 10:43:32] [INFO] 296, 插入一条repertory信息到数据仓库, id: 5996, name: 康师傅 冰红茶（柠檬口味茶饮品）
[2018-05-18 10:43:32] [INFO] 297, 插入一条repertory信息到数据仓库, id: 89665, name: 傻大哥白玉咸干花生
[2018-05-18 10:43:32] [INFO] 298, 插入一条repertory信息到数据仓库, id: 89666, name: 上远笔芯
[2018-05-18 10:43:32] [INFO] 299, 插入一条repertory信息到数据仓库, id: 75431, name: 洽洽山核桃味瓜子
[2018-05-18 10:43:32] [INFO] 300, 插入一条repertory信息到数据仓库, id: 76546, name: 大面筋
[2018-05-18 10:43:32] [INFO] 301, 插入一条repertory信息到数据仓库, id: 76777, name: 亲嘴语
[2018-05-18 10:43:32] [INFO] 302, 插入一条repertory信息到数据仓库, id: 80367, name: 56g烤香脖（爱辣）
[2018-05-18 10:43:32] [INFO] 303, 插入一条repertory信息到数据仓库, id: 40186, name: 伊利玉米香
[2018-05-18 10:43:32] [INFO] 304, 插入一条repertory信息到数据仓库, id: 36127, name: 宝矿力900ml
[2018-05-18 10:43:32] [INFO] 305, 插入一条repertory信息到数据仓库, id: 89009, name: 茶兀 西柚茉莉花茶500ml
[2018-05-18 10:43:32] [INFO] 306, 插入一条repertory信息到数据仓库, id: 22733, name: 维他菊花茶 500ml
[2018-05-18 10:43:32] [INFO] 307, 插入一条repertory信息到数据仓库, id: 73449, name: 双喜（硬经典）
[2018-05-18 10:43:32] [INFO] 308, 插入一条repertory信息到数据仓库, id: 71981, name: 康师傅珍品红烧牛肉面
[2018-05-18 10:43:32] [INFO] 309, 插入一条repertory信息到数据仓库, id: 73205, name: 康师傅老坛酸菜牛肉袋面114g
[2018-05-18 10:43:32] [INFO] 310, 插入一条repertory信息到数据仓库, id: 30436, name: ABC超级薄棉柔丝薄K13日用卫生巾8片
[2018-05-18 10:43:32] [INFO] 311, 插入一条repertory信息到数据仓库, id: 64129, name: 小伊利优酸乳250ml
[2018-05-18 10:43:32] [INFO] 312, 插入一条repertory信息到数据仓库, id: 49663, name: 维他柠檬茶饮料250毫升
[2018-05-18 10:43:32] [INFO] 313, 插入一条repertory信息到数据仓库, id: 53354, name: 三湘古镇盐局鸡翅
[2018-05-18 10:43:32] [INFO] 314, 插入一条repertory信息到数据仓库, id: 52091, name: 心相印抽150抽茶语经典软抽150抽*3包
[2018-05-18 10:43:32] [INFO] 315, 插入一条repertory信息到数据仓库, id: 35229, name: 双喜(硬吉祥好日子)小盒
[2018-05-18 10:43:33] [INFO] 316, 插入一条repertory信息到数据仓库, id: 67525, name: 百威啤酒500ml
[2018-05-18 10:43:33] [INFO] 317, 插入一条repertory信息到数据仓库, id: 68203, name: 9度珠江特制纯生啤酒600ml
[2018-05-18 10:43:33] [INFO] 318, 插入一条repertory信息到数据仓库, id: 11707, name: 90克南北特长沙臭豆腐
[2018-05-18 10:43:33] [INFO] 319, 插入一条repertory信息到数据仓库, id: 60199, name: 600g乐百氏脉动饮料(水蜜桃)
[2018-05-18 10:43:33] [INFO] 320, 插入一条repertory信息到数据仓库, id: 75224, name: 条码/拼音码/品名
[2018-05-18 10:43:33] [INFO] 321, 插入一条repertory信息到数据仓库, id: 77466, name: 鸭翅
[2018-05-18 10:43:33] [INFO] 322, 插入一条repertory信息到数据仓库, id: 6242, name: 芙蓉王（硬）
[2018-05-18 10:43:33] [INFO] 323, 插入一条repertory信息到数据仓库, id: 7131, name: 湘潭铺子15元装
[2018-05-18 10:43:33] [INFO] 324, 插入一条repertory信息到数据仓库, id: 33169, name: 真龙硬轩云
[2018-05-18 10:43:33] [INFO] 325, 插入一条repertory信息到数据仓库, id: 33301, name: 康师傅 绿茶 调味茶饮品（蜂蜜茉莉味）500ml
[2018-05-18 10:43:33] [INFO] 326, 插入一条repertory信息到数据仓库, id: 33549, name: 硬中华
[2018-05-18 10:43:33] [INFO] 327, 插入一条repertory信息到数据仓库, id: 35071, name: 东鹏特饮维生素功能饮料250ml
[2018-05-18 10:43:33] [INFO] 328, 插入一条repertory信息到数据仓库, id: 15532, name: 78克卫龙亲嘴语辣条
[2018-05-18 10:43:33] [INFO] 329, 插入一条repertory信息到数据仓库, id: 17526, name: 得力36色水彩笔
[2018-05-18 10:43:33] [INFO] 330, 插入一条repertory信息到数据仓库, id: 52106, name: 百事可乐330ml
[2018-05-18 10:43:33] [INFO] 331, 插入一条repertory信息到数据仓库, id: 58418, name: 
[2018-05-18 10:43:33] [INFO] 332, 插入一条repertory信息到数据仓库, id: 33948, name: 蜂巢凉粉
[2018-05-18 10:43:33] [INFO] 333, 插入一条repertory信息到数据仓库, id: 29564, name: 双喜(硬经典1906)
[2018-05-18 10:43:33] [INFO] 334, 插入一条repertory信息到数据仓库, id: 49744, name: 康师傅茉莉蜜茶550ml
[2018-05-18 10:43:34] [INFO] 335, 插入一条repertory信息到数据仓库, id: 52820, name: 双汇泡面拍档香肠90g*30
[2018-05-18 10:43:34] [INFO] 336, 插入一条repertory信息到数据仓库, id: 61492, name: 来一桶老坛泡椒牛肉面110g
[2018-05-18 10:43:34] [INFO] 337, 插入一条repertory信息到数据仓库, id: 15674, name: 500ml康师傅茉莉花茶
[2018-05-18 10:43:34] [INFO] 338, 插入一条repertory信息到数据仓库, id: 15594, name: 碳酸可口可乐500ml
[2018-05-18 10:43:34] [INFO] 339, 插入一条repertory信息到数据仓库, id: 15896, name: 245g椰树天然椰子汁（纸盒高瓶）
[2018-05-18 10:43:34] [INFO] 340, 插入一条repertory信息到数据仓库, id: 26528, name: 新希望V美香蕉牛奶360ml
[2018-05-18 10:43:34] [INFO] 341, 插入一条repertory信息到数据仓库, id: 6853, name: 景田饮用水1.5L
[2018-05-18 10:43:34] [INFO] 342, 插入一条repertory信息到数据仓库, id: 8296, name: 双喜（软蓝红玫王）
[2018-05-18 10:43:34] [INFO] 343, 插入一条repertory信息到数据仓库, id: 62549, name: （罐）330青岛啤酒
[2018-05-18 10:43:34] [INFO] 344, 插入一条repertory信息到数据仓库, id: 30350, name: 小腿王原味
[2018-05-18 10:43:34] [INFO] 345, 插入一条repertory信息到数据仓库, id: 89667, name: 屈臣氏蒸馏水400ml
[2018-05-18 10:43:34] [INFO] 346, 插入一条repertory信息到数据仓库, id: 46189, name: 东北大板 草原鲜奶80g
[2018-05-18 10:43:34] [INFO] 347, 插入一条repertory信息到数据仓库, id: 74147, name: 珍珍薯片热辣味90g
[2018-05-18 10:43:34] [INFO] 348, 插入一条repertory信息到数据仓库, id: 74220, name: 火鸡面（超辣鸡肉味拌面）
[2018-05-18 10:43:34] [INFO] 349, 插入一条repertory信息到数据仓库, id: 74669, name: 统一阿萨姆原味奶茶
[2018-05-18 10:43:34] [INFO] 350, 插入一条repertory信息到数据仓库, id: 74863, name: 雪碧汽水(中胶)500ml
[2018-05-18 10:43:34] [INFO] 351, 插入一条repertory信息到数据仓库, id: 83011, name: 日康豆奶330ml
[2018-05-18 10:43:34] [INFO] 352, 插入一条repertory信息到数据仓库, id: 6272, name: 晨光屋型酸奶
[2018-05-18 10:43:34] [INFO] 353, 插入一条repertory信息到数据仓库, id: 31560, name: 双喜(软珍品好日子)小盒
[2018-05-18 10:43:34] [INFO] 354, 插入一条repertory信息到数据仓库, id: 33821, name: 仁王山楂酥168克
[2018-05-18 10:43:34] [INFO] 355, 插入一条repertory信息到数据仓库, id: 6719, name: 玉溪
[2018-05-18 10:43:34] [INFO] 356, 插入一条repertory信息到数据仓库, id: 89668, name: 亮剑
[2018-05-18 10:43:34] [INFO] 357, 插入一条repertory信息到数据仓库, id: 44985, name: 丹麦蓝罐曲奇(加仑子)
[2018-05-18 10:43:34] [INFO] 358, 插入一条repertory信息到数据仓库, id: 89669, name: 维他豆奶巧克力口味250ml
[2018-05-18 10:43:34] [INFO] 359, 插入一条repertory信息到数据仓库, id: 22793, name: 可口可乐 1250毫升 PET 瓶
[2018-05-18 10:43:34] [INFO] 360, 插入一条repertory信息到数据仓库, id: 88350, name: 乡下咸干花生
[2018-05-18 10:43:34] [INFO] 361, 插入一条repertory信息到数据仓库, id: 69078, name: 维他奶香草口味豆奶250ml
[2018-05-18 10:43:34] [INFO] 362, 插入一条repertory信息到数据仓库, id: 65890, name: 蒙牛绿色心情(加量）80g
[2018-05-18 10:43:34] [INFO] 363, 插入一条repertory信息到数据仓库, id: 49675, name: 500 统一绿茶
[2018-05-18 10:43:34] [INFO] 364, 插入一条repertory信息到数据仓库, id: 80543, name: 芬达橙 PET  瓶  500ml
[2018-05-18 10:43:35] [INFO] 365, 插入一条repertory信息到数据仓库, id: 89165, name: 双喜（硬金五叶神）
[2018-05-18 10:43:35] [INFO] 366, 插入一条repertory信息到数据仓库, id: 15374, name: 王老吉凉茶植物饮料310ml
[2018-05-18 10:43:35] [INFO] 367, 插入一条repertory信息到数据仓库, id: 16769, name: 牛奶味牛奶棒
[2018-05-18 10:43:35] [INFO] 368, 插入一条repertory信息到数据仓库, id: 33665, name: 乐虎氨基酸维生素功能饮料 380ml
[2018-05-18 10:43:35] [INFO] 369, 插入一条repertory信息到数据仓库, id: 73701, name: 怡宝饮用纯净水1.555升
[2018-05-18 10:43:35] [INFO] 370, 插入一条repertory信息到数据仓库, id: 78131, name: 传统装九江双蒸酒（29.5°）
[2018-05-18 10:43:35] [INFO] 371, 插入一条repertory信息到数据仓库, id: 21101, name: 香草味花心筒
[2018-05-18 10:43:35] [INFO] 372, 插入一条repertory信息到数据仓库, id: 15571, name: 东鹏特饮维生素功能饮料250ml
[2018-05-18 10:43:35] [INFO] 373, 插入一条repertory信息到数据仓库, id: 19448, name: No.5001_万盛达扑克（塑盒装）
[2018-05-18 10:43:35] [INFO] 374, 插入一条repertory信息到数据仓库, id: 17787, name: 康师傅 冰红茶500ml
[2018-05-18 10:43:35] [INFO] 375, 插入一条repertory信息到数据仓库, id: 63639, name: 
[2018-05-18 10:43:35] [INFO] 376, 插入一条repertory信息到数据仓库, id: 65690, name: 维巧/山渣苹果味
[2018-05-18 10:43:35] [INFO] 377, 插入一条repertory信息到数据仓库, id: 66959, name: 硬双喜烟
[2018-05-18 10:43:35] [INFO] 378, 插入一条repertory信息到数据仓库, id: 67073, name: 康师傅蜂蜜绿茶
[2018-05-18 10:43:35] [INFO] 379, 插入一条repertory信息到数据仓库, id: 68032, name: 9度特制纯生啤酒500ml
[2018-05-18 10:43:35] [INFO] 380, 插入一条repertory信息到数据仓库, id: 5601, name: 纯红豆面包
[2018-05-18 10:43:35] [INFO] 381, 插入一条repertory信息到数据仓库, id: 28543, name: 黄山（新一品）
[2018-05-18 10:43:35] [INFO] 382, 插入一条repertory信息到数据仓库, id: 85898, name: 久久鸭/上上好
[2018-05-18 10:43:35] [INFO] 383, 插入一条repertory信息到数据仓库, id: 83658, name: 铂金红塔山
[2018-05-18 10:43:35] [INFO] 384, 插入一条repertory信息到数据仓库, id: 68766, name: 王老吉罐装凉茶
[2018-05-18 10:43:35] [INFO] 385, 插入一条repertory信息到数据仓库, id: 11939, name: 好日子(硬吉祥出口HK)小盒
[2018-05-18 10:43:35] [INFO] 386, 插入一条repertory信息到数据仓库, id: 89670, name: 麻辣烫调味料220g
[2018-05-18 10:43:35] [INFO] 387, 插入一条repertory信息到数据仓库, id: 38703, name: 康师傅老坛酸菜牛肉袋面114g
[2018-05-18 10:43:35] [INFO] 388, 插入一条repertory信息到数据仓库, id: 38795, name: 台式香肠
[2018-05-18 10:43:36] [INFO] 389, 插入一条repertory信息到数据仓库, id: 60811, name: 黄山（新一品）
[2018-05-18 10:43:36] [INFO] 390, 插入一条repertory信息到数据仓库, id: 17407, name: 厨邦特级酱油
[2018-05-18 10:43:36] [INFO] 391, 插入一条repertory信息到数据仓库, id: 18524, name: 南孚碱性七号电池
[2018-05-18 10:43:36] [INFO] 392, 插入一条repertory信息到数据仓库, id: 41104, name: 100g冠华花生
[2018-05-18 10:43:36] [INFO] 393, 插入一条repertory信息到数据仓库, id: 6235, name: 维他 柠檬味
[2018-05-18 10:43:36] [INFO] 394, 插入一条repertory信息到数据仓库, id: 42296, name: 500ML芬达
[2018-05-18 10:43:36] [INFO] 395, 插入一条repertory信息到数据仓库, id: 47677, name: 碳酸可口可乐500ml
[2018-05-18 10:43:36] [INFO] 396, 插入一条repertory信息到数据仓库, id: 58435, name: 
[2018-05-18 10:43:36] [INFO] 397, 插入一条repertory信息到数据仓库, id: 36086, name: 天地一号
[2018-05-18 10:43:36] [INFO] 398, 插入一条repertory信息到数据仓库, id: 74174, name: 洽洽香瓜子160g
[2018-05-18 10:43:36] [INFO] 399, 插入一条repertory信息到数据仓库, id: 75201, name: 伊利牛奶片
[2018-05-18 10:43:37] [INFO] 400, 插入一条repertory信息到数据仓库, id: 75378, name: 杨协成马蹄爽300ML
[2018-05-18 10:43:37] [INFO] 401, 插入一条repertory信息到数据仓库, id: 75585, name: 怡泉+C 500毫升 PET 瓶
[2018-05-18 10:43:37] [INFO] 402, 插入一条repertory信息到数据仓库, id: 5960, name: 钻石过滤嘴香烟
[2018-05-18 10:43:37] [INFO] 403, 插入一条repertory信息到数据仓库, id: 38804, name: 双汇王中王优质火腿肠270g
[2018-05-18 10:43:37] [INFO] 404, 插入一条repertory信息到数据仓库, id: 86684, name: 黄鹤楼（紫）
[2018-05-18 10:43:37] [INFO] 405, 插入一条repertory信息到数据仓库, id: 81236, name: 怡宝饮用纯净水1.555升
[2018-05-18 10:43:37] [INFO] 406, 插入一条repertory信息到数据仓库, id: 16383, name: 农夫山泉 饮用天然水550ml
[2018-05-18 10:43:37] [INFO] 407, 插入一条repertory信息到数据仓库, id: 89671, name: 牛栏山白酒45o/o
[2018-05-18 10:43:37] [INFO] 408, 插入一条repertory信息到数据仓库, id: 42654, name: 榄菊儿宝健大盘蚊香5双盘
[2018-05-18 10:43:37] [INFO] 409, 插入一条repertory信息到数据仓库, id: 22504, name: 榄菊无烟黑蚊香 1*60
[2018-05-18 10:43:37] [INFO] 410, 插入一条repertory信息到数据仓库, id: 11251, name: 蓓雅牙刷511
[2018-05-18 10:43:37] [INFO] 411, 插入一条repertory信息到数据仓库, id: 63928, name: 双喜（硬经典）
[2018-05-18 10:43:37] [INFO] 412, 插入一条repertory信息到数据仓库, id: 89672, name: 华朗威化饼干草莓味
[2018-05-18 10:43:37] [INFO] 413, 插入一条repertory信息到数据仓库, id: 15171, name: 红双喜(软经典)
[2018-05-18 10:43:37] [INFO] 414, 插入一条repertory信息到数据仓库, id: 81274, name: 无码商品
[2018-05-18 10:43:37] [INFO] 415, 插入一条repertory信息到数据仓库, id: 85615, name: 9.8度珠江0度精品啤酒
[2018-05-18 10:43:38] [INFO] 416, 插入一条repertory信息到数据仓库, id: 89673, name: 康师傅经典红烧牛肉桶面
[2018-05-18 10:43:38] [INFO] 417, 插入一条repertory信息到数据仓库, id: 16314, name: 冬瓜茶冬瓜汁饮料
[2018-05-18 10:43:38] [INFO] 418, 插入一条repertory信息到数据仓库, id: 19059, name: 巧克力芝麻饼干80g
[2018-05-18 10:43:38] [INFO] 419, 插入一条repertory信息到数据仓库, id: 67948, name: 蒙牛随变经典香草口味雪糕75g      
[2018-05-18 10:43:38] [INFO] 420, 插入一条repertory信息到数据仓库, id: 68122, name: 可口可乐
[2018-05-18 10:43:38] [INFO] 421, 插入一条repertory信息到数据仓库, id: 26001, name: 鱼排/味芝元
[2018-05-18 10:43:38] [INFO] 422, 插入一条repertory信息到数据仓库, id: 5319, name: 双汇玉米热狗肠40g
[2018-05-18 10:43:38] [INFO] 423, 插入一条repertory信息到数据仓库, id: 34210, name: 合味道猪骨浓汤风味方便面 110g
[2018-05-18 10:43:38] [INFO] 424, 插入一条repertory信息到数据仓库, id: 34211, name: 合味道大杯海鲜味
[2018-05-18 10:43:38] [INFO] 425, 插入一条repertory信息到数据仓库, id: 35702, name: 罐雪碧250ml
[2018-05-18 10:43:38] [INFO] 426, 插入一条repertory信息到数据仓库, id: 37173, name: 东芝电池1号
[2018-05-18 10:43:38] [INFO] 427, 插入一条repertory信息到数据仓库, id: 48775, name: 陈村过桥米线猪骨浓汤    1*20
[2018-05-18 10:43:38] [INFO] 428, 插入一条repertory信息到数据仓库, id: 68024, name: 风味鸡油辣椒
[2018-05-18 10:43:38] [INFO] 429, 插入一条repertory信息到数据仓库, id: 89674, name: 六神特效花露水95ml
[2018-05-18 10:43:38] [INFO] 430, 插入一条repertory信息到数据仓库, id: 89625, name: 益力多乳酸菌饮品100ml
[2018-05-18 10:43:38] [INFO] 431, 插入一条repertory信息到数据仓库, id: 89675, name: 杰士邦ZERO零感超薄3片装
[2018-05-18 10:43:38] [INFO] 432, 插入一条repertory信息到数据仓库, id: 5528, name: 黄鹤楼(软蓝)
[2018-05-18 10:43:39] [INFO] 433, 插入一条repertory信息到数据仓库, id: 35719, name: 百岁山矿泉水570ml
[2018-05-18 10:43:39] [INFO] 434, 插入一条repertory信息到数据仓库, id: 37978, name: 250洁婷孖装
[2018-05-18 10:43:39] [INFO] 435, 插入一条repertory信息到数据仓库, id: 41280, name: 伊利巧乐兹经典巧脆棒 75g
[2018-05-18 10:43:39] [INFO] 436, 插入一条repertory信息到数据仓库, id: 16989, name: ZH景田百岁山天然矿泉水
[2018-05-18 10:43:39] [INFO] 437, 插入一条repertory信息到数据仓库, id: 18859, name: 双喜（软经典）
[2018-05-18 10:43:39] [INFO] 438, 插入一条repertory信息到数据仓库, id: 48871, name: 卫龙亲嘴道嚼道
[2018-05-18 10:43:39] [INFO] 439, 插入一条repertory信息到数据仓库, id: 20080, name: 哈尔滨3.2度冰纯啤酒
[2018-05-18 10:43:39] [INFO] 440, 插入一条repertory信息到数据仓库, id: 80379, name: 100g万众望花生
[2018-05-18 10:43:39] [INFO] 441, 插入一条repertory信息到数据仓库, id: 16957, name: 大亨原味酸奶250ml
[2018-05-18 10:43:39] [INFO] 442, 插入一条repertory信息到数据仓库, id: 78029, name: 伊利佰豆集奶香绿豆棒冰 70g
[2018-05-18 10:43:40] [INFO] 443, 插入一条repertory信息到数据仓库, id: 35856, name: 菠萝味低醇啤酒 330ml
[2018-05-18 10:43:40] [INFO] 444, 插入一条repertory信息到数据仓库, id: 40241, name: 五羊香芋味甜筒 73g
[2018-05-18 10:43:40] [INFO] 445, 插入一条repertory信息到数据仓库, id: 41274, name: 小布丁
[2018-05-18 10:43:40] [INFO] 446, 插入一条repertory信息到数据仓库, id: 42195, name: 五羊巧克力味甜筒 73g
[2018-05-18 10:43:40] [INFO] 447, 插入一条repertory信息到数据仓库, id: 42426, name: 五羊牌甜筒5种味
[2018-05-18 10:43:40] [INFO] 448, 插入一条repertory信息到数据仓库, id: 43275, name: 五羊牌双皮奶味甜筒雪糕
[2018-05-18 10:43:40] [INFO] 449, 插入一条repertory信息到数据仓库, id: 41293, name: 亿奇心情绿豆味冰棍60g
[2018-05-18 10:43:40] [INFO] 450, 插入一条repertory信息到数据仓库, id: 44449, name: 雪碧2.5L
[2018-05-18 10:43:40] [INFO] 451, 插入一条repertory信息到数据仓库, id: 54274, name: 蒙牛奶爽棒冰菠萝口味
[2018-05-18 10:43:40] [INFO] 452, 插入一条repertory信息到数据仓库, id: 86974, name: 达利园巧克力派
[2018-05-18 10:43:40] [INFO] 453, 插入一条repertory信息到数据仓库, id: 87909, name: 百威大罐500ml
[2018-05-18 10:43:40] [INFO] 454, 插入一条repertory信息到数据仓库, id: 45526, name: 五羊哈密瓜味甜筒  73g
[2018-05-18 10:43:40] [INFO] 455, 插入一条repertory信息到数据仓库, id: 70404, name: 椰牛牌果肉椰子汁
[2018-05-18 10:43:41] [INFO] 456, 插入一条repertory信息到数据仓库, id: 73263, name: 蓝月亮深层洁净洗衣液 1Kg
[2018-05-18 10:43:41] [INFO] 457, 插入一条repertory信息到数据仓库, id: 65741, name: 伊利安慕希希腊风味酸奶原味230g
[2018-05-18 10:43:41] [INFO] 458, 插入一条repertory信息到数据仓库, id: 65774, name: 双喜（软）
[2018-05-18 10:43:41] [INFO] 459, 插入一条repertory信息到数据仓库, id: 65777, name: 云烟
[2018-05-18 10:43:41] [INFO] 460, 插入一条repertory信息到数据仓库, id: 65650, name: 9度特制纯生啤酒500ml
[2018-05-18 10:43:41] [INFO] 461, 插入一条repertory信息到数据仓库, id: 66150, name: 统一老坛酸菜牛肉单包面121克
[2018-05-18 10:43:41] [INFO] 462, 插入一条repertory信息到数据仓库, id: 67674, name: 陶华碧老干妈风味豆豉280g
[2018-05-18 10:43:41] [INFO] 463, 插入一条repertory信息到数据仓库, id: 89676, name: 加多宝凉茶310ml
[2018-05-18 10:43:41] [INFO] 464, 插入一条repertory信息到数据仓库, id: 89677, name: 奕香金丝肉松饼
[2018-05-18 10:43:41] [INFO] 465, 插入一条repertory信息到数据仓库, id: 56806, name: 维他奶巧克力味豆奶250毫升
[2018-05-18 10:43:41] [INFO] 466, 插入一条repertory信息到数据仓库, id: 71236, name: 怡宝水
[2018-05-18 10:43:41] [INFO] 467, 插入一条repertory信息到数据仓库, id: 7178, name: 名片盒
[2018-05-18 10:43:41] [INFO] 468, 插入一条repertory信息到数据仓库, id: 44553, name: 榄菊电热蚊香片34ml 1*2 
[2018-05-18 10:43:41] [INFO] 469, 插入一条repertory信息到数据仓库, id: 33464, name: ABC护垫
[2018-05-18 10:43:41] [INFO] 470, 插入一条repertory信息到数据仓库, id: 41466, name: 新青岛听啤酒11度330ml
[2018-05-18 10:43:41] [INFO] 471, 插入一条repertory信息到数据仓库, id: 69461, name: 三笑505
[2018-05-18 10:43:41] [INFO] 472, 插入一条repertory信息到数据仓库, id: 12054, name: 黑人双重薄荷牙膏175g
[2018-05-18 10:43:41] [INFO] 473, 插入一条repertory信息到数据仓库, id: 31683, name: 双喜(硬世纪经典)
[2018-05-18 10:43:41] [INFO] 474, 插入一条repertory信息到数据仓库, id: 31822, name: 七星(爆珠）5毫克
[2018-05-18 10:43:41] [INFO] 475, 插入一条repertory信息到数据仓库, id: 52118, name: 佳得乐蓝莓味运动饮料
[2018-05-18 10:43:41] [INFO] 476, 插入一条repertory信息到数据仓库, id: 78739, name: 菠萝汁饮料240ml
[2018-05-18 10:43:41] [INFO] 477, 插入一条repertory信息到数据仓库, id: 19362, name: 蓝利群盒
[2018-05-18 10:43:41] [INFO] 478, 插入一条repertory信息到数据仓库, id: 16213, name: 维他柠檬茶 500ml(香港进口)
[2018-05-18 10:43:41] [INFO] 479, 插入一条repertory信息到数据仓库, id: 18176, name: 玉溪（软）
[2018-05-18 10:43:41] [INFO] 480, 插入一条repertory信息到数据仓库, id: 76382, name: 
[2018-05-18 10:43:42] [INFO] 481, 插入一条repertory信息到数据仓库, id: 78738, name: 黑松红芭乐果汁320ml
[2018-05-18 10:43:42] [INFO] 482, 插入一条repertory信息到数据仓库, id: 60704, name: 维他柠檬茶罐装310ml
[2018-05-18 10:43:42] [INFO] 483, 插入一条repertory信息到数据仓库, id: 11861, name: 335ml珠江啤酒<10复>
[2018-05-18 10:43:42] [INFO] 484, 插入一条repertory信息到数据仓库, id: 82322, name: 魔法士巴西烤肉味
[2018-05-18 10:43:42] [INFO] 485, 插入一条repertory信息到数据仓库, id: 43138, name: 伊利巧乐兹脆香饼味
[2018-05-18 10:43:42] [INFO] 486, 插入一条repertory信息到数据仓库, id: 89678, name: 进口高露洁牙膏225g
[2018-05-18 10:43:42] [INFO] 487, 插入一条repertory信息到数据仓库, id: 89679, name: 高露洁冰爽劲白牙膏
[2018-05-18 10:43:42] [INFO] 488, 插入一条repertory信息到数据仓库, id: 24915, name: 旺仔牛奶大罐
[2018-05-18 10:43:42] [INFO] 489, 插入一条repertory信息到数据仓库, id: 84606, name: 汰渍净白去渍洗衣粉508g
[2018-05-18 10:43:42] [INFO] 490, 插入一条repertory信息到数据仓库, id: 6321, name: 268ML 雀巢咖啡丝滑拿铁
[2018-05-18 10:43:42] [INFO] 491, 插入一条repertory信息到数据仓库, id: 36243, name: 云烟（珍品）
[2018-05-18 10:43:42] [INFO] 492, 插入一条repertory信息到数据仓库, id: 85437, name: 双喜(硬经典1906)
[2018-05-18 10:43:42] [INFO] 493, 插入一条repertory信息到数据仓库, id: 48339, name: 10度580毫升燕京鲜啤
[2018-05-18 10:43:42] [INFO] 494, 插入一条repertory信息到数据仓库, id: 28546, name: 阿里山香烟硬景太蓝香烟
[2018-05-18 10:43:42] [INFO] 495, 插入一条repertory信息到数据仓库, id: 71756, name: 伊利佰豆集奶香绿豆棒冰 70g
[2018-05-18 10:43:42] [INFO] 496, 插入一条repertory信息到数据仓库, id: 72364, name: 纯棉毛巾
[2018-05-18 10:43:42] [INFO] 497, 插入一条repertory信息到数据仓库, id: 16515, name: 凰巢野山椒凤爪
[2018-05-18 10:43:42] [INFO] 498, 插入一条repertory信息到数据仓库, id: 81863, name: 仙草奶茶
[2018-05-18 10:43:42] [INFO] 499, 插入一条repertory信息到数据仓库, id: 31618, name: 金奖百年追凤酒
[2018-05-18 10:43:42] [INFO] 500, 插入一条repertory信息到数据仓库, id: 67348, name: 统一阿萨姆奶茶
[2018-05-18 10:43:42] [INFO] 501, 插入一条repertory信息到数据仓库, id: 89680, name: 美怡乐奶昔怀雪糕
[2018-05-18 10:43:42] [INFO] 502, 插入一条repertory信息到数据仓库, id: 34994, name: 鲜奶口味红豆雪糕
[2018-05-18 10:43:42] [INFO] 503, 插入一条repertory信息到数据仓库, id: 31964, name: 王老吉凉茶植物饮料
[2018-05-18 10:43:42] [INFO] 504, 插入一条repertory信息到数据仓库, id: 18765, name: 芙蓉王(硬)香烟
[2018-05-18 10:43:43] [INFO] 505, 插入一条repertory信息到数据仓库, id: 52203, name: 乐百氏脉动蜜桃600g
[2018-05-18 10:43:43] [INFO] 506, 插入一条repertory信息到数据仓库, id: 52694, name: 维他正宗菊花茶500ml/支
[2018-05-18 10:43:43] [INFO] 507, 插入一条repertory信息到数据仓库, id: 53799, name: 宝矿力水特500ml
[2018-05-18 10:43:43] [INFO] 508, 插入一条repertory信息到数据仓库, id: 55693, name: 维他柠檬茶460ML支装
[2018-05-18 10:43:43] [INFO] 509, 插入一条repertory信息到数据仓库, id: 6214, name: 真龙
[2018-05-18 10:43:43] [INFO] 510, 插入一条repertory信息到数据仓库, id: 9789, name: 正点3+1檀香型蚊香香21
[2018-05-18 10:43:43] [INFO] 511, 插入一条repertory信息到数据仓库, id: 66909, name: 雪碧
[2018-05-18 10:43:43] [INFO] 512, 插入一条repertory信息到数据仓库, id: 74444, name: 罐百事可乐330ml
[2018-05-18 10:43:43] [INFO] 513, 插入一条repertory信息到数据仓库, id: 15841, name: 伊利原味优酸乳250ml
[2018-05-18 10:43:43] [INFO] 514, 插入一条repertory信息到数据仓库, id: 89681, name: 30个锦兴肉松饼
[2018-05-18 10:43:43] [INFO] 515, 插入一条repertory信息到数据仓库, id: 24401, name: 利群特醇香烟
[2018-05-18 10:43:43] [INFO] 516, 插入一条repertory信息到数据仓库, id: 17266, name: ZH哈尔滨3.6度冰纯啤酒
[2018-05-18 10:43:43] [INFO] 517, 插入一条repertory信息到数据仓库, id: 30288, name: 南京(红)
[2018-05-18 10:43:43] [INFO] 518, 插入一条repertory信息到数据仓库, id: 64711, name: 纯牛奶
[2018-05-18 10:43:43] [INFO] 519, 插入一条repertory信息到数据仓库, id: 66478, name: 9度珠江0度精制啤酒
[2018-05-18 10:43:43] [INFO] 520, 插入一条repertory信息到数据仓库, id: 13809, name: 大前门1916
[2018-05-18 10:43:43] [INFO] 521, 插入一条repertory信息到数据仓库, id: 6035, name: 南京(炫赫门)
[2018-05-18 10:43:43] [INFO] 522, 插入一条repertory信息到数据仓库, id: 5618, name: 山椒凤爪（抓钱爪38g
[2018-05-18 10:43:43] [INFO] 523, 插入一条repertory信息到数据仓库, id: 5619, name: 山椒凤爪90g
[2018-05-18 10:43:43] [INFO] 524, 插入一条repertory信息到数据仓库, id: 6864, name: 东鹏特饮维生素功能饮料
[2018-05-18 10:43:43] [INFO] 525, 插入一条repertory信息到数据仓库, id: 7882, name: 双喜(软珍品好日子)小盒
[2018-05-18 10:43:43] [INFO] 526, 插入一条repertory信息到数据仓库, id: 78040, name: 伊利冷饮新升级伊利牧场香草味奶昔雪糕 90g
[2018-05-18 10:43:43] [INFO] 527, 插入一条repertory信息到数据仓库, id: 85460, name: 伊利牧场红枣牛奶味雪糕 70g
[2018-05-18 10:43:43] [INFO] 528, 插入一条repertory信息到数据仓库, id: 14856, name: 软经典
[2018-05-18 10:43:43] [INFO] 529, 插入一条repertory信息到数据仓库, id: 88618, name: 农家米酒0°
[2018-05-18 10:43:43] [INFO] 530, 插入一条repertory信息到数据仓库, id: 72154, name: 广香靓心情雪糕
[2018-05-18 10:43:43] [INFO] 531, 插入一条repertory信息到数据仓库, id: 18468, name: 味之元野生鱼排
[2018-05-18 10:43:43] [INFO] 532, 插入一条repertory信息到数据仓库, id: 78193, name: 小腿王
[2018-05-18 10:43:43] [INFO] 533, 插入一条repertory信息到数据仓库, id: 79386, name: 脆骨
[2018-05-18 10:43:43] [INFO] 534, 插入一条repertory信息到数据仓库, id: 79455, name: 健力宝橙蜜味运动饮料（含气型）330ml
[2018-05-18 10:43:43] [INFO] 535, 插入一条repertory信息到数据仓库, id: 75749, name: 雪糕
[2018-05-18 10:43:43] [INFO] 536, 插入一条repertory信息到数据仓库, id: 78697, name: 双汇鸡肉火腿肠
[2018-05-18 10:43:44] [INFO] 537, 插入一条repertory信息到数据仓库, id: 89682, name: 青岛大罐500ml
[2018-05-18 10:43:44] [INFO] 538, 插入一条repertory信息到数据仓库, id: 83950, name: 正牛801速热器（1500W）
[2018-05-18 10:43:44] [INFO] 539, 插入一条repertory信息到数据仓库, id: 8285, name: PET600ml百事可乐可乐型汽水
[2018-05-18 10:43:44] [INFO] 540, 插入一条repertory信息到数据仓库, id: 85682, name: 乖媳妇山椒凤爪70g
[2018-05-18 10:43:44] [INFO] 541, 插入一条repertory信息到数据仓库, id: 88403, name: 龙健蒜香咸脆花生
[2018-05-18 10:43:44] [INFO] 542, 插入一条repertory信息到数据仓库, id: 89683, name: 贤哥酒鬼鱼70g
[2018-05-18 10:43:44] [INFO] 543, 插入一条repertory信息到数据仓库, id: 89684, name: 锐澳威士忌蓝玫瑰味
[2018-05-18 10:43:44] [INFO] 544, 插入一条repertory信息到数据仓库, id: 75566, name: 泡鸭脚
[2018-05-18 10:43:44] [INFO] 545, 插入一条repertory信息到数据仓库, id: 75567, name: 香脆鸭掌
[2018-05-18 10:43:44] [INFO] 546, 插入一条repertory信息到数据仓库, id: 78743, name: 无穷爱辣鸡蛋25g/个
[2018-05-18 10:43:44] [INFO] 547, 插入一条repertory信息到数据仓库, id: 81563, name: 输入价格无码收银
[2018-05-18 10:43:44] [INFO] 548, 插入一条repertory信息到数据仓库, id: 79446, name: 大胶袋
[2018-05-18 10:43:44] [INFO] 549, 插入一条repertory信息到数据仓库, id: 22701, name: 百威啤酒500ml
[2018-05-18 10:43:44] [INFO] 550, 插入一条repertory信息到数据仓库, id: 7462, name: 芙蓉王(硬)
[2018-05-18 10:43:44] [INFO] 551, 插入一条repertory信息到数据仓库, id: 31907, name: 570景田矿泉水
[2018-05-18 10:43:44] [INFO] 552, 插入一条repertory信息到数据仓库, id: 17187, name: 雪碧 500ml瓶
[2018-05-18 10:43:44] [INFO] 553, 插入一条repertory信息到数据仓库, id: 58436, name: 
[2018-05-18 10:43:44] [INFO] 554, 插入一条repertory信息到数据仓库, id: 78824, name: 
[2018-05-18 10:43:44] [INFO] 555, 插入一条repertory信息到数据仓库, id: 66712, name: 娃哈哈呦呦原味奶茶
[2018-05-18 10:43:44] [INFO] 556, 插入一条repertory信息到数据仓库, id: 69494, name: 伊利三色心雪糕 110g
[2018-05-18 10:43:44] [INFO] 557, 插入一条repertory信息到数据仓库, id: 66699, name: 维他柠檬茶饮料
[2018-05-18 10:43:44] [INFO] 558, 插入一条repertory信息到数据仓库, id: 74698, name: 杨协成马蹄爽
[2018-05-18 10:43:44] [INFO] 559, 插入一条repertory信息到数据仓库, id: 14416, name: 白沙(精品)
[2018-05-18 10:43:44] [INFO] 560, 插入一条repertory信息到数据仓库, id: 31916, name: 真龙
[2018-05-18 10:43:45] [INFO] 561, 插入一条repertory信息到数据仓库, id: 53557, name: 毛巾（11元）
[2018-05-18 10:43:45] [INFO] 562, 插入一条repertory信息到数据仓库, id: 47525, name: 伊利升级巧乐兹经典香奶棒雪糕 75g
[2018-05-18 10:43:45] [INFO] 563, 插入一条repertory信息到数据仓库, id: 66949, name: 可口可乐
[2018-05-18 10:43:45] [INFO] 564, 插入一条repertory信息到数据仓库, id: 5884, name: 怡宝饮用纯净水555毫升
[2018-05-18 10:43:45] [INFO] 565, 插入一条repertory信息到数据仓库, id: 89685, name: 清风牌面巾纸206mmX136mm（3层）150抽/包
[2018-05-18 10:43:45] [INFO] 566, 插入一条repertory信息到数据仓库, id: 89686, name: 虹达6015沐浴球
[2018-05-18 10:43:45] [INFO] 567, 插入一条repertory信息到数据仓库, id: 89687, name: 苏菲卫生巾超熟睡柔棉感 290 5片裝
[2018-05-18 10:43:45] [INFO] 568, 插入一条repertory信息到数据仓库, id: 89688, name: 七度空间少女系列超长夜用超薄8片388mm
[2018-05-18 10:43:45] [INFO] 569, 插入一条repertory信息到数据仓库, id: 81230, name: 雪碧清爽柠檬味汽水
[2018-05-18 10:43:45] [INFO] 570, 插入一条repertory信息到数据仓库, id: 85655, name: 9度特制纯生啤酒500ml
[2018-05-18 10:43:45] [INFO] 571, 插入一条repertory信息到数据仓库, id: 39951, name: 红豆龟苓膏
[2018-05-18 10:43:45] [INFO] 572, 插入一条repertory信息到数据仓库, id: 52124, name: 红牛维生素功能饮料
[2018-05-18 10:43:45] [INFO] 573, 插入一条repertory信息到数据仓库, id: 55997, name: 双喜(硬精品好日子)小盒
[2018-05-18 10:43:45] [INFO] 574, 插入一条repertory信息到数据仓库, id: 37745, name: 红牛维生素功能饮料 250ml
[2018-05-18 10:43:45] [INFO] 575, 插入一条repertory信息到数据仓库, id: 38305, name: 七匹狼（硬红）
[2018-05-18 10:43:45] [INFO] 576, 插入一条repertory信息到数据仓库, id: 39090, name: 怡宝饮用纯净水1.555L
[2018-05-18 10:43:45] [INFO] 577, 插入一条repertory信息到数据仓库, id: 39987, name: 1L康师傅 茉莉蜜茶 
[2018-05-18 10:43:45] [INFO] 578, 插入一条repertory信息到数据仓库, id: 58002, name: 牛栏山陈酿白酒500ml
[2018-05-18 10:43:45] [INFO] 579, 插入一条repertory信息到数据仓库, id: 15023, name: 渔香都市鱼仔
[2018-05-18 10:43:45] [INFO] 580, 插入一条repertory信息到数据仓库, id: 18837, name: 超熟睡超薄随心翻410 棉质丝薄夜用 洁翼型 8P
[2018-05-18 10:43:45] [INFO] 581, 插入一条repertory信息到数据仓库, id: 74442, name: 护舒宝瞬洁丝薄量多日用/夜用(10+2)卫生巾
[2018-05-18 10:43:45] [INFO] 582, 插入一条repertory信息到数据仓库, id: 8331, name: 安慕希希腊风味酸奶205克
[2018-05-18 10:43:45] [INFO] 583, 插入一条repertory信息到数据仓库, id: 64781, name: 9度特制纯生啤酒500ml
[2018-05-18 10:43:45] [INFO] 584, 插入一条repertory信息到数据仓库, id: 71576, name: 10度500毫升燕京精品鲜啤
[2018-05-18 10:43:45] [INFO] 585, 插入一条repertory信息到数据仓库, id: 74307, name: 蒂兰圣雪绚彩脆皮冰淇淋抹茶口味
[2018-05-18 10:43:45] [INFO] 586, 插入一条repertory信息到数据仓库, id: 47357, name: 东北大板 醇香巧克力90g
[2018-05-18 10:43:45] [INFO] 587, 插入一条repertory信息到数据仓库, id: 21997, name: 我爱你(调味面制品)
[2018-05-18 10:43:45] [INFO] 588, 插入一条repertory信息到数据仓库, id: 33544, name: 龙凤呈祥（硬珍品）
[2018-05-18 10:43:45] [INFO] 589, 插入一条repertory信息到数据仓库, id: 52104, name: 怡宝饮用纯净水555毫升
[2018-05-18 10:43:46] [INFO] 590, 插入一条repertory信息到数据仓库, id: 89689, name: 野山椒土鸡爪238g
[2018-05-18 10:43:46] [INFO] 591, 插入一条repertory信息到数据仓库, id: 88363, name: 南北特香酥猪蹄120g
[2018-05-18 10:43:46] [INFO] 592, 插入一条repertory信息到数据仓库, id: 16804, name: 80g无穷盐焗鸡腿
[2018-05-18 10:43:46] [INFO] 593, 插入一条repertory信息到数据仓库, id: 8322, name: 旺仔牛奶
[2018-05-18 10:43:46] [INFO] 594, 插入一条repertory信息到数据仓库, id: 15816, name: 巧乐兹经典香奶棒雪糕
[2018-05-18 10:43:46] [INFO] 595, 插入一条repertory信息到数据仓库, id: 89690, name: 过江龙养腰酒
[2018-05-18 10:43:46] [INFO] 596, 插入一条repertory信息到数据仓库, id: 7116, name: 黄金叶软20支短
[2018-05-18 10:43:46] [INFO] 597, 插入一条repertory信息到数据仓库, id: 85395, name: 乡里女圭萝卜干
[2018-05-18 10:43:46] [INFO] 598, 插入一条repertory信息到数据仓库, id: 18701, name: 65g无穷各味盐焗鸡翅
[2018-05-18 10:43:46] [INFO] 599, 插入一条repertory信息到数据仓库, id: 26539, name: 天天向上即食拉面烧烤味
[2018-05-18 10:43:46] [INFO] 600, 插入一条repertory信息到数据仓库, id: 21796, name: 52g旺旺12427仙贝
[2018-05-18 10:43:46] [INFO] 601, 插入一条repertory信息到数据仓库, id: 23980, name: 84g旺旺11571雪饼
[2018-05-18 10:43:46] [INFO] 602, 插入一条repertory信息到数据仓库, id: 68662, name: 统一海之言果味饮料
[2018-05-18 10:43:46] [INFO] 603, 插入一条repertory信息到数据仓库, id: 72835, name: 大绿豆冰棒
[2018-05-18 10:43:46] [INFO] 604, 插入一条repertory信息到数据仓库, id: 6694, name: 1.5L饮用纯净水
[2018-05-18 10:43:46] [INFO] 605, 插入一条repertory信息到数据仓库, id: 5867, name: 食用槟榔（金玉满堂）
[2018-05-18 10:43:46] [INFO] 606, 插入一条repertory信息到数据仓库, id: 6152, name: 9.8度珠江0度精品啤酒
[2018-05-18 10:43:46] [INFO] 607, 插入一条repertory信息到数据仓库, id: 12442, name: 可爱多甜筒非常香草口味冰淇淋67克
[2018-05-18 10:43:46] [INFO] 608, 插入一条repertory信息到数据仓库, id: 89691, name: 乡辣莴笋
[2018-05-18 10:43:46] [INFO] 609, 插入一条repertory信息到数据仓库, id: 38705, name: 康师傅珍品红烧牛肉面
[2018-05-18 10:43:46] [INFO] 610, 插入一条repertory信息到数据仓库, id: 38842, name: 掌门人
[2018-05-18 10:43:46] [INFO] 611, 插入一条repertory信息到数据仓库, id: 38845, name: 豆干
[2018-05-18 10:43:46] [INFO] 612, 插入一条repertory信息到数据仓库, id: 89692, name: 费尔德堡白啤酒
[2018-05-18 10:43:46] [INFO] 613, 插入一条repertory信息到数据仓库, id: 40464, name: 冰豆饼
[2018-05-18 10:43:46] [INFO] 614, 插入一条repertory信息到数据仓库, id: 15041, name: 广喜1906（软）
[2018-05-18 10:43:46] [INFO] 615, 插入一条repertory信息到数据仓库, id: 15229, name: 康师傅茉莉蜜茶500ml
[2018-05-18 10:43:46] [INFO] 616, 插入一条repertory信息到数据仓库, id: 16445, name: 美汁源果粒橙橙汁饮料450ml
[2018-05-18 10:43:46] [INFO] 617, 插入一条repertory信息到数据仓库, id: 18449, name: 食用槟榔（鸿运当头）28g
[2018-05-18 10:43:46] [INFO] 618, 插入一条repertory信息到数据仓库, id: 85851, name: 旺旺牛奶味休闲饼干  18g
[2018-05-18 10:43:46] [INFO] 619, 插入一条repertory信息到数据仓库, id: 14739, name: 统一阿萨姆原味奶茶500ml
[2018-05-18 10:43:46] [INFO] 620, 插入一条repertory信息到数据仓库, id: 14788, name: 经典1906合装香烟
[2018-05-18 10:43:46] [INFO] 621, 插入一条repertory信息到数据仓库, id: 15262, name: 张新发大同昌软槟榔10元装
[2018-05-18 10:43:46] [INFO] 622, 插入一条repertory信息到数据仓库, id: 16095, name: 绿箭15g
[2018-05-18 10:43:47] [INFO] 623, 插入一条repertory信息到数据仓库, id: 17107, name: 娃哈哈营养快线水果牛奶饮品（原味）500ml
[2018-05-18 10:43:47] [INFO] 624, 插入一条repertory信息到数据仓库, id: 19524, name: 百威啤酒500ml
[2018-05-18 10:43:47] [INFO] 625, 插入一条repertory信息到数据仓库, id: 52150, name: 茶兀 绿茶500ml
[2018-05-18 10:43:47] [INFO] 626, 插入一条repertory信息到数据仓库, id: 27822, name: 康师傅 绿茶 调味茶饮品（蜂蜜茉莉味）500ml
[2018-05-18 10:43:47] [INFO] 627, 插入一条repertory信息到数据仓库, id: 89693, name: 莞式鸡仔饼
[2018-05-18 10:43:47] [INFO] 628, 插入一条repertory信息到数据仓库, id: 44832, name: 康师傅 优悦矿泉水水550ml
[2018-05-18 10:43:47] [INFO] 629, 插入一条repertory信息到数据仓库, id: 14692, name: 上海红双喜(硬)
[2018-05-18 10:43:47] [INFO] 630, 插入一条repertory信息到数据仓库, id: 14762, name: 宝矿力水特饮料500ml
[2018-05-18 10:43:47] [INFO] 631, 插入一条repertory信息到数据仓库, id: 15408, name: 红牛维生素功能饮料 250ml
[2018-05-18 10:43:47] [INFO] 632, 插入一条repertory信息到数据仓库, id: 16444, name: 康师傅竹蔗马蹄500ml
[2018-05-18 10:43:47] [INFO] 633, 插入一条repertory信息到数据仓库, id: 17302, name: 龙可王
[2018-05-18 10:43:47] [INFO] 634, 插入一条repertory信息到数据仓库, id: 15577, name: 红色五叶神
[2018-05-18 10:43:47] [INFO] 635, 插入一条repertory信息到数据仓库, id: 17567, name: 华丰三鲜伊面包
[2018-05-18 10:43:47] [INFO] 636, 插入一条repertory信息到数据仓库, id: 17658, name: 旺仔牛奶245ml
[2018-05-18 10:43:47] [INFO] 637, 插入一条repertory信息到数据仓库, id: 35839, name: 娃哈哈营养快线幸福牵线椰子味500ml
[2018-05-18 10:43:47] [INFO] 638, 插入一条repertory信息到数据仓库, id: 35853, name: 蓝带啤酒
[2018-05-18 10:43:47] [INFO] 639, 插入一条repertory信息到数据仓库, id: 15167, name: 农夫山泉 饮用天然水550ml
[2018-05-18 10:43:47] [INFO] 640, 插入一条repertory信息到数据仓库, id: 15181, name: 经典1906合装香烟
[2018-05-18 10:43:47] [INFO] 641, 插入一条repertory信息到数据仓库, id: 17081, name: 百岁山天然矿泉水570ml
[2018-05-18 10:43:47] [INFO] 642, 插入一条repertory信息到数据仓库, id: 49896, name: 百事可乐可乐型汽水 330ml
[2018-05-18 10:43:47] [INFO] 643, 插入一条repertory信息到数据仓库, id: 55102, name: 仁上仁每日坚果C搭配
[2018-05-18 10:43:47] [INFO] 644, 插入一条repertory信息到数据仓库, id: 50332, name: 七匹狼8mg（蓝）
[2018-05-18 10:43:47] [INFO] 645, 插入一条repertory信息到数据仓库, id: 15396, name: 伊利谷粒多红谷牛奶饮品 250ml
[2018-05-18 10:43:47] [INFO] 646, 插入一条repertory信息到数据仓库, id: 24911, name: 百威啤酒
[2018-05-18 10:43:47] [INFO] 647, 插入一条repertory信息到数据仓库, id: 89694, name: 娃哈哈营养快线幸福牵线椰子味500ml
[2018-05-18 10:43:47] [INFO] 648, 插入一条repertory信息到数据仓库, id: 89695, name: 濠润坊牛轧糖
[2018-05-18 10:43:47] [INFO] 649, 插入一条repertory信息到数据仓库, id: 80427, name: 葡萄味夹层饼干
[2018-05-18 10:43:47] [INFO] 650, 插入一条repertory信息到数据仓库, id: 84132, name: 500ML哇哈哈营养快线红枣枸杞味
[2018-05-18 10:43:47] [INFO] 651, 插入一条repertory信息到数据仓库, id: 49682, name: 硬盒黄鹤楼*
[2018-05-18 10:43:48] [INFO] 652, 插入一条repertory信息到数据仓库, id: 50471, name: 珠江0度
[2018-05-18 10:43:48] [INFO] 653, 插入一条repertory信息到数据仓库, id: 88223, name: 山椒土凤爪120g
[2018-05-18 10:43:48] [INFO] 654, 插入一条repertory信息到数据仓库, id: 67701, name: 哈尔冰高罐
[2018-05-18 10:43:48] [INFO] 655, 插入一条repertory信息到数据仓库, id: 67301, name: 宝矿力水特饮料
[2018-05-18 10:43:48] [INFO] 656, 插入一条repertory信息到数据仓库, id: 45481, name: 防风打火机
[2018-05-18 10:43:48] [INFO] 657, 插入一条repertory信息到数据仓库, id: 22732, name: 统一阿萨姆原味奶茶500ml
[2018-05-18 10:43:48] [INFO] 658, 插入一条repertory信息到数据仓库, id: 6514, name: 0001
[2018-05-18 10:43:48] [INFO] 659, 插入一条repertory信息到数据仓库, id: 89696, name: 美味鲜白醋500ml
[2018-05-18 10:43:48] [INFO] 660, 插入一条repertory信息到数据仓库, id: 61538, name: 山椒笋尖
[2018-05-18 10:43:48] [INFO] 661, 插入一条repertory信息到数据仓库, id: 38665, name: 康师傅老坛酸菜牛肉面大食桶
[2018-05-18 10:43:48] [INFO] 662, 插入一条repertory信息到数据仓库, id: 48165, name: 利群（新版小包）
[2018-05-18 10:43:48] [INFO] 663, 插入一条repertory信息到数据仓库, id: 16832, name: 哈尔滨啤酒600ml
[2018-05-18 10:43:48] [INFO] 664, 插入一条repertory信息到数据仓库, id: 19351, name: 小酒花生(椒盐味)90g
[2018-05-18 10:43:48] [INFO] 665, 插入一条repertory信息到数据仓库, id: 45997, name: 双喜（软）
[2018-05-18 10:43:48] [INFO] 666, 插入一条repertory信息到数据仓库, id: 47629, name: 好日子(硬吉祥出口HK)小盒
[2018-05-18 10:43:48] [INFO] 667, 插入一条repertory信息到数据仓库, id: 89698, name: 衣架
[2018-05-18 10:43:48] [INFO] 668, 插入一条repertory信息到数据仓库, id: 73380, name: 五星软红苏烟
[2018-05-18 10:43:48] [INFO] 669, 插入一条repertory信息到数据仓库, id: 17630, name: 水果沙拉
[2018-05-18 10:43:48] [INFO] 670, 插入一条repertory信息到数据仓库, id: 26100, name: 啃馋你酱烤翅根辣味
[2018-05-18 10:43:48] [INFO] 671, 插入一条repertory信息到数据仓库, id: 19168, name: 创食人/毛豆
[2018-05-18 10:43:48] [INFO] 672, 插入一条repertory信息到数据仓库, id: 61275, name: 
[2018-05-18 10:43:48] [INFO] 673, 插入一条repertory信息到数据仓库, id: 78825, name: 
[2018-05-18 10:43:48] [INFO] 674, 插入一条repertory信息到数据仓库, id: 7043, name: 雪碧柠檬味汽水330ml
[2018-05-18 10:43:48] [INFO] 675, 插入一条repertory信息到数据仓库, id: 78822, name: 
[2018-05-18 10:43:48] [INFO] 676, 插入一条repertory信息到数据仓库, id: 66620, name: 黄金叶大M
[2018-05-18 10:43:48] [INFO] 677, 插入一条repertory信息到数据仓库, id: 78020, name: 伊利牧场香浓布丁雪糕
[2018-05-18 10:43:48] [INFO] 678, 插入一条repertory信息到数据仓库, id: 16091, name: 黄鹤楼（雅香金）
[2018-05-18 10:43:48] [INFO] 679, 插入一条repertory信息到数据仓库, id: 69252, name: 珠江O度清醇啤酒600ml
[2018-05-18 10:43:48] [INFO] 680, 插入一条repertory信息到数据仓库, id: 70384, name: 青岛啤酒醇厚11度600毫升
[2018-05-18 10:43:48] [INFO] 681, 插入一条repertory信息到数据仓库, id: 6076, name: 泰奇优惠装八宝粥
[2018-05-18 10:43:48] [INFO] 682, 插入一条repertory信息到数据仓库, id: 89342, name: 妧成盛三明治100g
[2018-05-18 10:43:48] [INFO] 683, 插入一条repertory信息到数据仓库, id: 89699, name: 原味牛奶片
[2018-05-18 10:43:49] [INFO] 684, 插入一条repertory信息到数据仓库, id: 89700, name: 无穷爱辣小翅8g
[2018-05-18 10:43:49] [INFO] 685, 插入一条repertory信息到数据仓库, id: 89701, name: 农夫山泉 饮用天然水550ml
[2018-05-18 10:43:49] [INFO] 686, 插入一条repertory信息到数据仓库, id: 48212, name: 怡宝饮用纯净水555毫升
[2018-05-18 10:43:49] [INFO] 687, 插入一条repertory信息到数据仓库, id: 48461, name: 健力宝橙蜜味运动饮料（含气型）330ml
[2018-05-18 10:43:49] [INFO] 688, 插入一条repertory信息到数据仓库, id: 22252, name: 得力6021学生剪刀(混)(把)
[2018-05-18 10:43:49] [INFO] 689, 插入一条repertory信息到数据仓库, id: 15365, name: 贵烟（新贵）
[2018-05-18 10:43:49] [INFO] 690, 插入一条repertory信息到数据仓库, id: 19533, name: 果粒奶优草莓味水果牛奶饮料450ml
[2018-05-18 10:43:49] [INFO] 691, 插入一条repertory信息到数据仓库, id: 89703, name: 云烟软珍品
[2018-05-18 10:43:49] [INFO] 692, 插入一条repertory信息到数据仓库, id: 5914, name: 花生牛奶复合蛋白饮料
[2018-05-18 10:43:49] [INFO] 693, 插入一条repertory信息到数据仓库, id: 89704, name: 蓝带
[2018-05-18 10:43:49] [INFO] 694, 插入一条repertory信息到数据仓库, id: 89705, name: 丽丽特级薯片(番茄味)  100g
[2018-05-18 10:43:49] [INFO] 695, 插入一条repertory信息到数据仓库, id: 89706, name: 石湾特醇米酒150ml
[2018-05-18 10:43:49] [INFO] 696, 插入一条repertory信息到数据仓库, id: 89707, name: 贤哥旦定一哥盐焗鸡蛋30克
[2018-05-18 10:43:49] [INFO] 697, 插入一条repertory信息到数据仓库, id: 89708, name: 乐聚牛肉汁焗鱼
[2018-05-18 10:43:49] [INFO] 698, 插入一条repertory信息到数据仓库, id: 31572, name: 利群
[2018-05-18 10:43:49] [INFO] 699, 插入一条repertory信息到数据仓库, id: 55789, name: 500ml罐特制纯生啤酒
[2018-05-18 10:43:49] [INFO] 700, 插入一条repertory信息到数据仓库, id: 31280, name: 牡丹
[2018-05-18 10:43:49] [INFO] 701, 插入一条repertory信息到数据仓库, id: 89709, name: 建力士黑啤酒500ML
[2018-05-18 10:43:49] [INFO] 702, 插入一条repertory信息到数据仓库, id: 89710, name: 双喜传奇
[2018-05-18 10:43:49] [INFO] 703, 插入一条repertory信息到数据仓库, id: 89711, name: 彩虹衣叉160CM
[2018-05-18 10:43:49] [INFO] 704, 插入一条repertory信息到数据仓库, id: 89712, name: 澳雪浴[柠檬]
[2018-05-18 10:43:49] [INFO] 705, 插入一条repertory信息到数据仓库, id: 11260, name: 心相印纸面巾
[2018-05-18 10:43:49] [INFO] 706, 插入一条repertory信息到数据仓库, id: 56725, name: 雅乐衣架
[2018-05-18 10:43:49] [INFO] 707, 插入一条repertory信息到数据仓库, id: 60316, name: 飘柔滋润去屑洗发露400ML
[2018-05-18 10:43:49] [INFO] 708, 插入一条repertory信息到数据仓库, id: 12953, name: 舒肤佳纯白清香型香皂115克
[2018-05-18 10:43:49] [INFO] 709, 插入一条repertory信息到数据仓库, id: 28205, name: 雕牌除菌无磷洗衣粉
[2018-05-18 10:43:49] [INFO] 710, 插入一条repertory信息到数据仓库, id: 63950, name: 双喜（硬金五叶神）
[2018-05-18 10:43:49] [INFO] 711, 插入一条repertory信息到数据仓库, id: 71483, name: 五味爽青豆
[2018-05-18 10:43:49] [INFO] 712, 插入一条repertory信息到数据仓库, id: 89713, name: 白玉咸干花生
[2018-05-18 10:43:49] [INFO] 713, 插入一条repertory信息到数据仓库, id: 5954, name: 双喜（硬经典）
[2018-05-18 10:43:49] [INFO] 714, 插入一条repertory信息到数据仓库, id: 16208, name: 宝矿力水特饮料500ml
[2018-05-18 10:43:49] [INFO] 715, 插入一条repertory信息到数据仓库, id: 31912, name: 屈臣氏蜂花风味饮料400m
[2018-05-18 10:43:50] [INFO] 716, 插入一条repertory信息到数据仓库, id: 89714, name: 新三彩杯 110g
[2018-05-18 10:43:50] [INFO] 717, 插入一条repertory信息到数据仓库, id: 89715, name: 王老吉凉茶植物饮料500ml
[2018-05-18 10:43:50] [INFO] 718, 插入一条repertory信息到数据仓库, id: 89716, name: 农夫山泉水葡萄果汁饮料530ml
[2018-05-18 10:43:50] [INFO] 719, 插入一条repertory信息到数据仓库, id: 89717, name: 麒麟火咖拿铁咖啡440ml
[2018-05-18 10:43:50] [INFO] 720, 插入一条repertory信息到数据仓库, id: 89718, name: 芬达橙 PET  瓶  500ml
[2018-05-18 10:43:50] [INFO] 721, 插入一条repertory信息到数据仓库, id: 89719, name: 统一阿萨姆原味奶茶500ml
[2018-05-18 10:43:50] [INFO] 722, 插入一条repertory信息到数据仓库, id: 69106, name: 漱口杯
[2018-05-18 10:43:50] [INFO] 723, 插入一条repertory信息到数据仓库, id: 23311, name: 115G舒肤佳纯白清香香皂
[2018-05-18 10:43:50] [INFO] 724, 插入一条repertory信息到数据仓库, id: 52101, name: 尖叫纤维饮料运动盖 550ml
[2018-05-18 10:43:50] [INFO] 725, 插入一条repertory信息到数据仓库, id: 52117, name: 宝矿力水特饮料500ml
[2018-05-18 10:43:50] [INFO] 726, 插入一条repertory信息到数据仓库, id: 56043, name: 
[2018-05-18 10:43:50] [INFO] 727, 插入一条repertory信息到数据仓库, id: 51122, name: 怡宝纯净水1.555L
[2018-05-18 10:43:50] [INFO] 728, 插入一条repertory信息到数据仓库, id: 15859, name: 无码商品
[2018-05-18 10:43:50] [INFO] 729, 插入一条repertory信息到数据仓库, id: 31692, name: 软玉溪
[2018-05-18 10:43:50] [INFO] 730, 插入一条repertory信息到数据仓库, id: 34050, name: 南北特千禧蛋
[2018-05-18 10:43:50] [INFO] 731, 插入一条repertory信息到数据仓库, id: 34288, name: 康师傅香爆脆吮指香葱鸡味干脆面30g
[2018-05-18 10:43:50] [INFO] 732, 插入一条repertory信息到数据仓库, id: 34352, name: 贤哥豆干酱香味绿色
[2018-05-18 10:43:50] [INFO] 733, 插入一条repertory信息到数据仓库, id: 86496, name: 哆辣咪-哆辣棒
[2018-05-18 10:43:50] [INFO] 734, 插入一条repertory信息到数据仓库, id: 35736, name: 宝矿力500ml
[2018-05-18 10:43:50] [INFO] 735, 插入一条repertory信息到数据仓库, id: 41128, name: 
[2018-05-18 10:43:50] [INFO] 736, 插入一条repertory信息到数据仓库, id: 60239, name: 黑山羊肉串（绝辣）
[2018-05-18 10:43:50] [INFO] 737, 插入一条repertory信息到数据仓库, id: 18699, name: 精品好日子
[2018-05-18 10:43:50] [INFO] 738, 插入一条repertory信息到数据仓库, id: 66630, name: 花生牛奶复合蛋白饮品
[2018-05-18 10:43:50] [INFO] 739, 插入一条repertory信息到数据仓库, id: 67199, name: 贝奇菜仔奶蔬菜酸乳280ml
[2018-05-18 10:43:50] [INFO] 740, 插入一条repertory信息到数据仓库, id: 67961, name: 农夫山泉天然水1.5L
[2018-05-18 10:43:50] [INFO] 741, 插入一条repertory信息到数据仓库, id: 36066, name: 雪碧
[2018-05-18 10:43:50] [INFO] 742, 插入一条repertory信息到数据仓库, id: 6740, name: 辣妹子桔片爽
[2018-05-18 10:43:51] [INFO] 743, 插入一条repertory信息到数据仓库, id: 11788, name: 450 康师傅陈皮酸梅
[2018-05-18 10:43:51] [INFO] 744, 插入一条repertory信息到数据仓库, id: 16854, name: 百威啤酒600ml
[2018-05-18 10:43:51] [INFO] 745, 插入一条repertory信息到数据仓库, id: 18529, name: 双喜(硬精品好日子)
[2018-05-18 10:43:51] [INFO] 746, 插入一条repertory信息到数据仓库, id: 23476, name: 路路45g野山椒鱼仔
[2018-05-18 10:43:51] [INFO] 747, 插入一条repertory信息到数据仓库, id: 89697, name: 费尔德堡黑啤酒
[2018-05-18 10:43:51] [INFO] 748, 插入一条repertory信息到数据仓库, id: 83093, name: 康师傅好滋味葱香排骨面(5包装)95g*5
[2018-05-18 10:43:51] [INFO] 749, 插入一条repertory信息到数据仓库, id: 89249, name: 甘竹豆鼓鲮鱼227g
[2018-05-18 10:43:51] [INFO] 750, 插入一条repertory信息到数据仓库, id: 89720, name: 甘竹香辣豆鼓鱼184g
[2018-05-18 10:43:51] [INFO] 751, 插入一条repertory信息到数据仓库, id: 89721, name: 甘竹豆鼓鱼184g
[2018-05-18 10:43:51] [INFO] 752, 插入一条repertory信息到数据仓库, id: 89722, name: 来一桶 精炖排骨105g*12
[2018-05-18 10:43:51] [INFO] 753, 插入一条repertory信息到数据仓库, id: 89723, name: 康师傅酸辣牛肉面
[2018-05-18 10:43:51] [INFO] 754, 插入一条repertory信息到数据仓库, id: 89724, name: 舒肤佳香皂
[2018-05-18 10:43:51] [INFO] 755, 插入一条repertory信息到数据仓库, id: 53312, name: 光明键能
[2018-05-18 10:43:51] [INFO] 756, 插入一条repertory信息到数据仓库, id: 66928, name: 安幕希草莓味
[2018-05-18 10:43:51] [INFO] 757, 插入一条repertory信息到数据仓库, id: 85628, name: 七度空间夜用8片加长
[2018-05-18 10:43:51] [INFO] 758, 插入一条repertory信息到数据仓库, id: 79061, name: 花肠
[2018-05-18 10:43:51] [INFO] 759, 插入一条repertory信息到数据仓库, id: 77221, name: 王老吉凉茶500ml
[2018-05-18 10:43:51] [INFO] 760, 插入一条repertory信息到数据仓库, id: 80161, name: 立白超洁熏衣香无磷洗衣粉1千克
[2018-05-18 10:43:51] [INFO] 761, 插入一条repertory信息到数据仓库, id: 89725, name: 超威清新自然
[2018-05-18 10:43:51] [INFO] 762, 插入一条repertory信息到数据仓库, id: 29830, name: 硬红玫王
[2018-05-18 10:43:51] [INFO] 763, 插入一条repertory信息到数据仓库, id: 27403, name: 统一绿茶500ml
[2018-05-18 10:43:51] [INFO] 764, 插入一条repertory信息到数据仓库, id: 6636, name: 怡宝饮用纯净水1.555升
[2018-05-18 10:43:51] [INFO] 765, 插入一条repertory信息到数据仓库, id: 6339, name: 维他柠檬茶 500ml(香港进口)
[2018-05-18 10:43:51] [INFO] 766, 插入一条repertory信息到数据仓库, id: 40469, name: 南瓜饼
[2018-05-18 10:43:51] [INFO] 767, 插入一条repertory信息到数据仓库, id: 50644, name: 康师傅冰红茶1L
[2018-05-18 10:43:51] [INFO] 768, 插入一条repertory信息到数据仓库, id: 84504, name: 青岛啤酒醇厚11度600毫升
[2018-05-18 10:43:52] [INFO] 769, 插入一条repertory信息到数据仓库, id: 89726, name: 舒肤佳清香怡神香皂#
[2018-05-18 10:43:52] [INFO] 770, 插入一条repertory信息到数据仓库, id: 66326, name: C[151]晨光红枣枸杞牛奶饮品#
[2018-05-18 10:43:52] [INFO] 771, 插入一条repertory信息到数据仓库, id: 69475, name: 双喜(软如意好日子)小盒
[2018-05-18 10:43:52] [INFO] 772, 插入一条repertory信息到数据仓库, id: 70553, name: 无码商品
[2018-05-18 10:43:52] [INFO] 773, 插入一条repertory信息到数据仓库, id: 74784, name: 五羊筒榴莲味73g
[2018-05-18 10:43:52] [INFO] 774, 插入一条repertory信息到数据仓库, id: 8938, name: 五羊巧克力味甜筒 73g
[2018-05-18 10:43:52] [INFO] 775, 插入一条repertory信息到数据仓库, id: 14032, name: 榄菊蚊香檀香型（大盘装）
[2018-05-18 10:43:52] [INFO] 776, 插入一条repertory信息到数据仓库, id: 50645, name: 百威啤酒600ML
[2018-05-18 10:43:52] [INFO] 777, 插入一条repertory信息到数据仓库, id: 63958, name: 500ml哈尔滨冰纯啤酒罐装
[2018-05-18 10:43:52] [INFO] 778, 插入一条repertory信息到数据仓库, id: 78862, name: 食用青果槟榔（一品口味王爵爷） 22g
[2018-05-18 10:43:52] [INFO] 779, 插入一条repertory信息到数据仓库, id: 8581, name:  洁柔纸面巾（Face软抽)(3包装)
[2018-05-18 10:43:52] [INFO] 780, 插入一条repertory信息到数据仓库, id: 11681, name: 舒肤佳纯白清香香皂#
[2018-05-18 10:43:52] [INFO] 781, 插入一条repertory信息到数据仓库, id: 89727, name: 香皂盒
[2018-05-18 10:43:52] [INFO] 782, 插入一条repertory信息到数据仓库, id: 89728, name: 开心冰糖
[2018-05-18 10:43:52] [INFO] 783, 插入一条repertory信息到数据仓库, id: 68683, name: 竹炭鞋垫
[2018-05-18 10:43:52] [INFO] 784, 插入一条repertory信息到数据仓库, id: 69391, name: 酸辣豇豆
[2018-05-18 10:43:52] [INFO] 785, 插入一条repertory信息到数据仓库, id: 47811, name: 王老吉凉茶植物饮料310ml*24
[2018-05-18 10:43:52] [INFO] 786, 插入一条repertory信息到数据仓库, id: 66398, name: 5557号电池高功率(4粒)
[2018-05-18 10:43:52] [INFO] 787, 插入一条repertory信息到数据仓库, id: 31557, name: 牡丹
[2018-05-18 10:43:52] [INFO] 788, 插入一条repertory信息到数据仓库, id: 33933, name: 友我香鸭翅心
[2018-05-18 10:43:52] [INFO] 789, 插入一条repertory信息到数据仓库, id: 34080, name: 泡面拍档
[2018-05-18 10:43:52] [INFO] 790, 插入一条repertory信息到数据仓库, id: 34328, name: 卫龙亲嘴烧 小面筋
[2018-05-18 10:43:52] [INFO] 791, 插入一条repertory信息到数据仓库, id: 5677, name: 农夫山泉天然水1.5L
[2018-05-18 10:43:52] [INFO] 792, 插入一条repertory信息到数据仓库, id: 38992, name: 黄山（记忆)
[2018-05-18 10:43:53] [INFO] 793, 插入一条repertory信息到数据仓库, id: 16112, name: ZH怡宝纯净水
[2018-05-18 10:43:53] [INFO] 794, 插入一条repertory信息到数据仓库, id: 38797, name: 肉花肠
[2018-05-18 10:43:53] [INFO] 795, 插入一条repertory信息到数据仓库, id: 40568, name: 草莓酥
[2018-05-18 10:43:53] [INFO] 796, 插入一条repertory信息到数据仓库, id: 58465, name: 龙岩泡鸭爪
[2018-05-18 10:43:53] [INFO] 797, 插入一条repertory信息到数据仓库, id: 38298, name: 经典100红塔山
[2018-05-18 10:43:53] [INFO] 798, 插入一条repertory信息到数据仓库, id: 89729, name: 伊利冷饮冰工厂炫菠萝雪泥 80g
[2018-05-18 10:43:53] [INFO] 799, 插入一条repertory信息到数据仓库, id: 13168, name: 青岛啤酒优质10度600
[2018-05-18 10:43:53] [INFO] 800, 插入一条repertory信息到数据仓库, id: 23705, name: 美尔邦森通用鞋刷TB-S009
[2018-05-18 10:43:53] [INFO] 801, 插入一条repertory信息到数据仓库, id: 11458, name: 刷子
[2018-05-18 10:43:53] [INFO] 802, 插入一条repertory信息到数据仓库, id: 44556, name: 揽菊蚊香特惠装40单圈（大盘）
[2018-05-18 10:43:53] [INFO] 803, 插入一条repertory信息到数据仓库, id: 22201, name: 山椒凤爪180g
[2018-05-18 10:43:53] [INFO] 804, 插入一条repertory信息到数据仓库, id: 24599, name: 东北大板 蓝莓
[2018-05-18 10:43:53] [INFO] 805, 插入一条repertory信息到数据仓库, id: 74771, name: 雀巢香草冰雪小丸子（雪糍）32g
[2018-05-18 10:43:53] [INFO] 806, 插入一条repertory信息到数据仓库, id: 41362, name: 匠巧仁
[2018-05-18 10:43:53] [INFO] 807, 插入一条repertory信息到数据仓库, id: 70773, name: 9.8度珠江0度精品啤酒
[2018-05-18 10:43:53] [INFO] 808, 插入一条repertory信息到数据仓库, id: 17050, name: 大布丁1
[2018-05-18 10:43:53] [INFO] 809, 插入一条repertory信息到数据仓库, id: 89730, name: 可比克爽口青瓜薯片 60g
[2018-05-18 10:43:53] [INFO] 810, 插入一条repertory信息到数据仓库, id: 79193, name: 达利可比克薯片蕃茄60g
[2018-05-18 10:43:53] [INFO] 811, 插入一条repertory信息到数据仓库, id: 74462, name: 锐澳鸡尾酒蓝玫瑰味
[2018-05-18 10:43:53] [INFO] 812, 插入一条repertory信息到数据仓库, id: 79394, name: 乖媳妇野山椒凤爪
[2018-05-18 10:43:53] [INFO] 813, 插入一条repertory信息到数据仓库, id: 28004, name: 广基隆花生
[2018-05-18 10:43:53] [INFO] 814, 插入一条repertory信息到数据仓库, id: 31079, name: 乐事薯片黄瓜味
[2018-05-18 10:43:53] [INFO] 815, 插入一条repertory信息到数据仓库, id: 67051, name: 无穷爱辣鸡腿
[2018-05-18 10:43:53] [INFO] 816, 插入一条repertory信息到数据仓库, id: 9402, name: 农夫山泉 饮用天然水550ml
[2018-05-18 10:43:53] [INFO] 817, 插入一条repertory信息到数据仓库, id: 85769, name: 老青岛啤酒600ml
[2018-05-18 10:43:53] [INFO] 818, 插入一条repertory信息到数据仓库, id: 17737, name: 上海红双喜(硬)
[2018-05-18 10:43:53] [INFO] 819, 插入一条repertory信息到数据仓库, id: 18095, name: 百事可乐330ml*24
[2018-05-18 10:43:54] [INFO] 820, 插入一条repertory信息到数据仓库, id: 89731, name: 红豆面包90g
[2018-05-18 10:43:54] [INFO] 821, 插入一条repertory信息到数据仓库, id: 89732, name: 顺旺酱油饼（原味）
[2018-05-18 10:43:54] [INFO] 822, 插入一条repertory信息到数据仓库, id: 81596, name: 舒肤佳芦荟护型香皂115g
[2018-05-18 10:43:54] [INFO] 823, 插入一条repertory信息到数据仓库, id: 66830, name: 2L港怡
[2018-05-18 10:43:54] [INFO] 824, 插入一条repertory信息到数据仓库, id: 67781, name: 农夫山泉天然水
[2018-05-18 10:43:54] [INFO] 825, 插入一条repertory信息到数据仓库, id: 70103, name: 龙岩泡鸡翅根（酸爽微辣）
[2018-05-18 10:43:54] [INFO] 826, 插入一条repertory信息到数据仓库, id: 86805, name: 可爱多甜筒 香芋牛奶口味冰淇淋 68g
[2018-05-18 10:43:54] [INFO] 827, 插入一条repertory信息到数据仓库, id: 14985, name: 阿可香盐焗脆鸡爪（原味）30克
[2018-05-18 10:43:54] [INFO] 828, 插入一条repertory信息到数据仓库, id: 63692, name: (袋装)康师傅葱烧排骨面100g
[2018-05-18 10:43:54] [INFO] 829, 插入一条repertory信息到数据仓库, id: 6317, name: 康师傅葱烧排骨桶面
[2018-05-18 10:43:54] [INFO] 830, 插入一条repertory信息到数据仓库, id: 12329, name: 双汇脆骨肠60g
[2018-05-18 10:43:54] [INFO] 831, 插入一条repertory信息到数据仓库, id: 66097, name: 椒骄香辣鱼仔60g
[2018-05-18 10:43:54] [INFO] 832, 插入一条repertory信息到数据仓库, id: 81632, name: 嘉顿梳打饼蔬菜 230g
[2018-05-18 10:43:54] [INFO] 833, 插入一条repertory信息到数据仓库, id: 89733, name: 南乳花生(五香味)140g
[2018-05-18 10:43:54] [INFO] 834, 插入一条repertory信息到数据仓库, id: 87938, name: 200克槟椥椰子糖
[2018-05-18 10:43:54] [INFO] 835, 插入一条repertory信息到数据仓库, id: 17956, name: 咪咪虾味条20克
[2018-05-18 10:43:54] [INFO] 836, 插入一条repertory信息到数据仓库, id: 36154, name: 芬达葡萄味500ml
[2018-05-18 10:43:54] [INFO] 837, 插入一条repertory信息到数据仓库, id: 20510, name: 2L康师傅冰红茶
[2018-05-18 10:43:54] [INFO] 838, 插入一条repertory信息到数据仓库, id: 18084, name: 金升一次性杯
[2018-05-18 10:43:54] [INFO] 839, 插入一条repertory信息到数据仓库, id: 31998, name: 1.5L 统一阿萨姆奶茶
[2018-05-18 10:43:54] [INFO] 840, 插入一条repertory信息到数据仓库, id: 36237, name: 黄鹤楼（紫银）
[2018-05-18 10:43:54] [INFO] 841, 插入一条repertory信息到数据仓库, id: 37307, name: 康师傅冰糖雪梨1L
[2018-05-18 10:43:54] [INFO] 842, 插入一条repertory信息到数据仓库, id: 40559, name: 山楂片
[2018-05-18 10:43:54] [INFO] 843, 插入一条repertory信息到数据仓库, id: 84639, name: 五角零食
[2018-05-18 10:43:54] [INFO] 844, 插入一条repertory信息到数据仓库, id: 84937, name: 康师傅桶面(香菇炖鸡味)107g
[2018-05-18 10:43:54] [INFO] 845, 插入一条repertory信息到数据仓库, id: 9186, name: 果粒橙橙汁饮料
[2018-05-18 10:43:54] [INFO] 846, 插入一条repertory信息到数据仓库, id: 13737, name: 榄菊蚊香
[2018-05-18 10:43:54] [INFO] 847, 插入一条repertory信息到数据仓库, id: 11455, name: 哈尔冰高罐
[2018-05-18 10:43:54] [INFO] 848, 插入一条repertory信息到数据仓库, id: 5669, name: 劲仔酸菜鱼仔
[2018-05-18 10:43:54] [INFO] 849, 插入一条repertory信息到数据仓库, id: 71976, name: 90克小酒花生(烧烤味)
[2018-05-18 10:43:54] [INFO] 850, 插入一条repertory信息到数据仓库, id: 27005, name: 9度珠江特制纯生啤酒
[2018-05-18 10:43:54] [INFO] 851, 插入一条repertory信息到数据仓库, id: 15921, name: 雪花啤酒
[2018-05-18 10:43:54] [INFO] 852, 插入一条repertory信息到数据仓库, id: 33879, name: 无穷盐焗鸡腿80克
[2018-05-18 10:43:54] [INFO] 853, 插入一条repertory信息到数据仓库, id: 89734, name: 百威哈尔滨冰纯啤酒600ml
[2018-05-18 10:43:54] [INFO] 854, 插入一条repertory信息到数据仓库, id: 70868, name: 友我香鸭翅
[2018-05-18 10:43:55] [INFO] 855, 插入一条repertory信息到数据仓库, id: 89735, name: 75g海鲜味鱼豆腐
[2018-05-18 10:43:55] [INFO] 856, 插入一条repertory信息到数据仓库, id: 60698, name: 美好时光海苔(原味即食紫菜)4.5g
[2018-05-18 10:43:55] [INFO] 857, 插入一条repertory信息到数据仓库, id: 7079, name: 康师傅经典香辣牛肉袋面
[2018-05-18 10:43:55] [INFO] 858, 插入一条repertory信息到数据仓库, id: 11744, name: 和味甘榄
[2018-05-18 10:43:55] [INFO] 859, 插入一条repertory信息到数据仓库, id: 89736, name: 金龙大哥椰桨花生豆-原味240g
[2018-05-18 10:43:55] [INFO] 860, 插入一条repertory信息到数据仓库, id: 40966, name: 甜心屋润喉佛手
[2018-05-18 10:43:55] [INFO] 861, 插入一条repertory信息到数据仓库, id: 59801, name: 雀巢摩爵香草65g
[2018-05-18 10:43:55] [INFO] 862, 插入一条repertory信息到数据仓库, id: 8244, name: ^双喜香烟(15~1.2~硬包翻盖~烤烟型)4657_20支
[2018-05-18 10:43:55] [INFO] 863, 插入一条repertory信息到数据仓库, id: 36110, name: 冰露
[2018-05-18 10:43:55] [INFO] 864, 插入一条repertory信息到数据仓库, id: 35392, name: A8310安雨乐七度空间日用卫生巾丝柔表层
[2018-05-18 10:43:55] [INFO] 865, 插入一条repertory信息到数据仓库, id: 78397, name: 苏非420 棉质丝薄夜用 洁翼型 4片
[2018-05-18 10:43:55] [INFO] 866, 插入一条repertory信息到数据仓库, id: 72600, name: 老冰棍棒冰
[2018-05-18 10:43:55] [INFO] 867, 插入一条repertory信息到数据仓库, id: 19205, name: 精品白沙
[2018-05-18 10:43:55] [INFO] 868, 插入一条repertory信息到数据仓库, id: 80668, name: 双汇泡面啪挡30g*8
[2018-05-18 10:43:55] [INFO] 869, 插入一条repertory信息到数据仓库, id: 83555, name: 双汇特嫩三文治香肠220g
[2018-05-18 10:43:55] [INFO] 870, 插入一条repertory信息到数据仓库, id: 89737, name: 香辣鸡肉王30g*9
[2018-05-18 10:43:55] [INFO] 871, 插入一条repertory信息到数据仓库, id: 89738, name: 百威啤酒330ml*24
[2018-05-18 10:43:55] [INFO] 872, 插入一条repertory信息到数据仓库, id: 66323, name: 爪
[2018-05-18 10:43:55] [INFO] 873, 插入一条repertory信息到数据仓库, id: 71033, name: 星爷小花生
[2018-05-18 10:43:55] [INFO] 874, 插入一条repertory信息到数据仓库, id: 36113, name: 娃哈哈纯净水
[2018-05-18 10:43:55] [INFO] 875, 插入一条repertory信息到数据仓库, id: 87817, name: 芙蓉王(硬)香烟
[2018-05-18 10:43:55] [INFO] 876, 插入一条repertory信息到数据仓库, id: 89739, name: 黄鹤楼(软蓝)
[2018-05-18 10:43:55] [INFO] 877, 插入一条repertory信息到数据仓库, id: 86280, name: 百岁山天然矿泉水570ml
[2018-05-18 10:43:55] [INFO] 878, 插入一条repertory信息到数据仓库, id: 71587, name: 食用青果槟榔(一品口味王爵爷）
[2018-05-18 10:43:55] [INFO] 879, 插入一条repertory信息到数据仓库, id: 16242, name: 怡宝水350ml
[2018-05-18 10:43:55] [INFO] 880, 插入一条repertory信息到数据仓库, id: 19157, name: 麦的旺沙琪玛
[2018-05-18 10:43:55] [INFO] 881, 插入一条repertory信息到数据仓库, id: 77510, name: 蛋糕卷
[2018-05-18 10:43:55] [INFO] 882, 插入一条repertory信息到数据仓库, id: 45491, name: 铜锣烧（抹茶味）288g
[2018-05-18 10:43:55] [INFO] 883, 插入一条repertory信息到数据仓库, id: 13051, name: 优益C活菌型乳酸菌饮品原味
[2018-05-18 10:43:56] [INFO] 884, 插入一条repertory信息到数据仓库, id: 17613, name: 避孕套
[2018-05-18 10:43:56] [INFO] 885, 插入一条repertory信息到数据仓库, id: 6172, name: 百威啤酒500ml
[2018-05-18 10:43:56] [INFO] 886, 插入一条repertory信息到数据仓库, id: 67853, name: 美年达橙味
[2018-05-18 10:43:56] [INFO] 887, 插入一条repertory信息到数据仓库, id: 16921, name: 蓝带金质640ml啤酒
[2018-05-18 10:43:56] [INFO] 888, 插入一条repertory信息到数据仓库, id: 72458, name: 100克迷你香糕（香橙味）
[2018-05-18 10:43:56] [INFO] 889, 插入一条repertory信息到数据仓库, id: 3591, name: 8028樟脑精球丸120g
[2018-05-18 10:43:56] [INFO] 890, 插入一条repertory信息到数据仓库, id: 88306, name: 320g法式小面包香奶味
[2018-05-18 10:43:56] [INFO] 891, 插入一条repertory信息到数据仓库, id: 10104, name: 罐南洋红双喜
[2018-05-18 10:43:56] [INFO] 892, 插入一条repertory信息到数据仓库, id: 54925, name: 双喜（硬金五叶神）
[2018-05-18 10:43:56] [INFO] 893, 插入一条repertory信息到数据仓库, id: 25160, name: 经典醇香双喜烟软包
[2018-05-18 10:43:56] [INFO] 894, 插入一条repertory信息到数据仓库, id: 71417, name: 双喜（硬红五叶神）
[2018-05-18 10:43:56] [INFO] 895, 插入一条repertory信息到数据仓库, id: 37566, name: 伊利老冰棍85克
[2018-05-18 10:43:56] [INFO] 896, 插入一条repertory信息到数据仓库, id: 26009, name: 百威啤酒600ml
[2018-05-18 10:43:56] [INFO] 897, 插入一条repertory信息到数据仓库, id: 61463, name: 路路酒鬼鱼仔
[2018-05-18 10:43:56] [INFO] 898, 插入一条repertory信息到数据仓库, id: 62590, name: 卫龙大面筋106g
[2018-05-18 10:43:56] [INFO] 899, 插入一条repertory信息到数据仓库, id: 86578, name: 广香开心脆
[2018-05-18 10:43:56] [INFO] 900, 插入一条repertory信息到数据仓库, id: 7256, name: 龙岩泡鸡爪（酸爽微辣）
[2018-05-18 10:43:56] [INFO] 901, 插入一条repertory信息到数据仓库, id: 19425, name: 13g烤鸡小腿（香辣）
[2018-05-18 10:43:56] [INFO] 902, 插入一条repertory信息到数据仓库, id: 89740, name: 贤哥 酒鬼花生香辣味20g
[2018-05-18 10:43:56] [INFO] 903, 插入一条repertory信息到数据仓库, id: 89741, name: SF611
[2018-05-18 10:43:56] [INFO] 904, 插入一条repertory信息到数据仓库, id: 8071, name: 双汇玉米热狗肠#
[2018-05-18 10:43:56] [INFO] 905, 插入一条repertory信息到数据仓库, id: 9510, name: 汤达人罗宋汤面（杯）90g
[2018-05-18 10:43:56] [INFO] 906, 插入一条repertory信息到数据仓库, id: 10363, name: 统一汤达人日式豚骨拉面 83克
[2018-05-18 10:43:56] [INFO] 907, 插入一条repertory信息到数据仓库, id: 10651, name: 无穷盐焗鸡蛋#
[2018-05-18 10:43:56] [INFO] 908, 插入一条repertory信息到数据仓库, id: 25821, name: 26克卤豆干
[2018-05-18 10:43:56] [INFO] 909, 插入一条repertory信息到数据仓库, id: 6199, name: 小康王子蛋糕
[2018-05-18 10:43:56] [INFO] 910, 插入一条repertory信息到数据仓库, id: 9487, name: 中包北京烤鸭风味豆制品
[2018-05-18 10:43:56] [INFO] 911, 插入一条repertory信息到数据仓库, id: 59003, name: 乡吧佬
[2018-05-18 10:43:56] [INFO] 912, 插入一条repertory信息到数据仓库, id: 50558, name: 康师傅 水蜜桃水果饮品
[2018-05-18 10:43:56] [INFO] 913, 插入一条repertory信息到数据仓库, id: 20325, name: 嘉利是红泥花生
[2018-05-18 10:43:57] [INFO] 914, 插入一条repertory信息到数据仓库, id: 21859, name: 158ml嘉利是花生米辣味
[2018-05-18 10:43:57] [INFO] 915, 插入一条repertory信息到数据仓库, id: 5918, name: 双喜(软珍品好日子)小盒
[2018-05-18 10:43:57] [INFO] 916, 插入一条repertory信息到数据仓库, id: 25191, name: 胶王老吉
[2018-05-18 10:43:57] [INFO] 917, 插入一条repertory信息到数据仓库, id: 25219, name: 罐珠江纯生啤酒
[2018-05-18 10:43:57] [INFO] 918, 插入一条repertory信息到数据仓库, id: 28252, name: 无穷农场盐焗鸡蛋30g
[2018-05-18 10:43:57] [INFO] 919, 插入一条repertory信息到数据仓库, id: 73538, name: 蜀道香牛肉干
[2018-05-18 10:43:57] [INFO] 920, 插入一条repertory信息到数据仓库, id: 35852, name: 老青岛
[2018-05-18 10:43:57] [INFO] 921, 插入一条repertory信息到数据仓库, id: 35861, name: 小罐老青岛
[2018-05-18 10:43:57] [INFO] 922, 插入一条repertory信息到数据仓库, id: 61631, name: 食用青果槟榔（绿钻口味王）24g
[2018-05-18 10:43:57] [INFO] 923, 插入一条repertory信息到数据仓库, id: 89742, name: 双喜(硬蓝红玫王)
[2018-05-18 10:43:57] [INFO] 924, 插入一条repertory信息到数据仓库, id: 89743, name: 伊利冷饮加量装香浓布丁 80g
[2018-05-18 10:43:57] [INFO] 925, 插入一条repertory信息到数据仓库, id: 31802, name: 张裕白兰地
[2018-05-18 10:43:57] [INFO] 926, 插入一条repertory信息到数据仓库, id: 5659, name: 经典醇香红双喜香烟
[2018-05-18 10:43:57] [INFO] 927, 插入一条repertory信息到数据仓库, id: 49400, name: 特醇利群香烟
[2018-05-18 10:43:57] [INFO] 928, 插入一条repertory信息到数据仓库, id: 89744, name: 威锋旋转双层刀片（3刀头）
[2018-05-18 10:43:57] [INFO] 929, 插入一条repertory信息到数据仓库, id: 88324, name: 佳得乐柠檬味运动饮料
[2018-05-18 10:43:57] [INFO] 930, 插入一条repertory信息到数据仓库, id: 89745, name: 乖浩翔脆卤鸭掌30g
[2018-05-18 10:43:57] [INFO] 931, 插入一条repertory信息到数据仓库, id: 89746, name: 天天向上白沙烟过滤嘴香烟
[2018-05-18 10:43:57] [INFO] 932, 插入一条repertory信息到数据仓库, id: 89747, name: 鲜拌面（红烧牛肉味）
[2018-05-18 10:43:57] [INFO] 933, 插入一条repertory信息到数据仓库, id: 63776, name: 龙岩泡鸭翅
[2018-05-18 10:43:57] [INFO] 934, 插入一条repertory信息到数据仓库, id: 21120, name: [178]维他柠檬茶饮料#
[2018-05-18 10:43:57] [INFO] 935, 插入一条repertory信息到数据仓库, id: 38308, name: 云烟（紫）
[2018-05-18 10:43:57] [INFO] 936, 插入一条repertory信息到数据仓库, id: 38423, name: 双喜(硬经典1906)
[2018-05-18 10:43:57] [INFO] 937, 插入一条repertory信息到数据仓库, id: 35616, name: 优益C原味
[2018-05-18 10:43:57] [INFO] 938, 插入一条repertory信息到数据仓库, id: 23616, name: 红牛维生素功能饮料 250ml
[2018-05-18 10:43:57] [INFO] 939, 插入一条repertory信息到数据仓库, id: 24622, name: 花生牛奶复合蛋白饮料500ml
[2018-05-18 10:43:57] [INFO] 940, 插入一条repertory信息到数据仓库, id: 25483, name: 康师傅 冰红茶（柠檬口味茶饮品）
[2018-05-18 10:43:57] [INFO] 941, 插入一条repertory信息到数据仓库, id: 30481, name: 伊利谷粒多红谷牛奶饮品 250ml
[2018-05-18 10:43:57] [INFO] 942, 插入一条repertory信息到数据仓库, id: 89748, name: 乡吧佬五香茶蛋70克
[2018-05-18 10:43:57] [INFO] 943, 插入一条repertory信息到数据仓库, id: 23651, name: 怡宝饮用纯净水555毫升
[2018-05-18 10:43:57] [INFO] 944, 插入一条repertory信息到数据仓库, id: 89749, name: 2766口杯
[2018-05-18 10:43:58] [INFO] 945, 插入一条repertory信息到数据仓库, id: 42777, name: 云南白药留兰香型牙膏
[2018-05-18 10:43:58] [INFO] 946, 插入一条repertory信息到数据仓库, id: 26256, name: 黄山（新一品）烟
[2018-05-18 10:43:58] [INFO] 947, 插入一条repertory信息到数据仓库, id: 17581, name: 食用青果槟榔(一品口味王爵爷）40g
[2018-05-18 10:43:58] [INFO] 948, 插入一条repertory信息到数据仓库, id: 89750, name: 鹰唛特香花生油900ml
[2018-05-18 10:43:58] [INFO] 949, 插入一条repertory信息到数据仓库, id: 54722, name: 厨帮酱油
[2018-05-18 10:43:58] [INFO] 950, 插入一条repertory信息到数据仓库, id: 3345, name: 饮用纯净水560ml*24
[2018-05-18 10:43:58] [INFO] 951, 插入一条repertory信息到数据仓库, id: 24472, name: 乐事黄瓜味70g
[2018-05-18 10:43:58] [INFO] 952, 插入一条repertory信息到数据仓库, id: 25503, name: 康师傅劲凉冰红茶550ml
[2018-05-18 10:43:58] [INFO] 953, 插入一条repertory信息到数据仓库, id: 28248, name: 酱汁鱼酱辣味
[2018-05-18 10:43:58] [INFO] 954, 插入一条repertory信息到数据仓库, id: 33093, name: 徐福记沙琪玛八庄鸡蛋2包促销装 160g
[2018-05-18 10:43:58] [INFO] 955, 插入一条repertory信息到数据仓库, id: 33152, name: 旺旺雪饼
[2018-05-18 10:43:58] [INFO] 956, 插入一条repertory信息到数据仓库, id: 88405, name: 山椒凤爪180g
[2018-05-18 10:43:58] [INFO] 957, 插入一条repertory信息到数据仓库, id: 61009, name: 芬达橙 330毫升 罐
[2018-05-18 10:43:58] [INFO] 958, 插入一条repertory信息到数据仓库, id: 62921, name: 龙凤呈祥香烟
[2018-05-18 10:43:58] [INFO] 959, 插入一条repertory信息到数据仓库, id: 17522, name: 硬合初心玉溪
[2018-05-18 10:43:58] [INFO] 960, 插入一条repertory信息到数据仓库, id: 85754, name: 梦龙卡布基诺口味冰淇淋
[2018-05-18 10:43:58] [INFO] 961, 插入一条repertory信息到数据仓库, id: 22014, name: 和路雪可爱多非常草莓甜筒
[2018-05-18 10:43:58] [INFO] 962, 插入一条repertory信息到数据仓库, id: 27018, name: 和路雪好多圈
[2018-05-18 10:43:58] [INFO] 963, 插入一条repertory信息到数据仓库, id: 30877, name: 珍珍原味薯片新包装
[2018-05-18 10:43:58] [INFO] 964, 插入一条repertory信息到数据仓库, id: 40778, name: 冰红茶1L
[2018-05-18 10:43:58] [INFO] 965, 插入一条repertory信息到数据仓库, id: 37374, name: 乐事清新清爽黄瓜味40g
[2018-05-18 10:43:58] [INFO] 966, 插入一条repertory信息到数据仓库, id: 63356, name: 乐事岩烧海苔味70g
[2018-05-18 10:43:58] [INFO] 967, 插入一条repertory信息到数据仓库, id: 63803, name: 芙蓉王(硬)香烟
[2018-05-18 10:43:58] [INFO] 968, 插入一条repertory信息到数据仓库, id: 13265, name: 康师傅水蜜桃450ml
[2018-05-18 10:43:58] [INFO] 969, 插入一条repertory信息到数据仓库, id: 39322, name: 湘潭铺子枸杞槟榔20元
[2018-05-18 10:43:58] [INFO] 970, 插入一条repertory信息到数据仓库, id: 43263, name: 黄鹤楼(硬红)20支
[2018-05-18 10:43:58] [INFO] 971, 插入一条repertory信息到数据仓库, id: 15219, name: 苏岭农场盐焗鸡排
[2018-05-18 10:43:58] [INFO] 972, 插入一条repertory信息到数据仓库, id: 20472, name: 鹌鹑卤蛋
[2018-05-18 10:43:58] [INFO] 973, 插入一条repertory信息到数据仓库, id: 6177, name: 鸡肉火腿肠
[2018-05-18 10:43:58] [INFO] 974, 插入一条repertory信息到数据仓库, id: 11870, name: 康师傅超爽桶KING香辣牛肉面
[2018-05-18 10:43:58] [INFO] 975, 插入一条repertory信息到数据仓库, id: 69703, name: 泡面拍档香肠
[2018-05-18 10:43:59] [INFO] 976, 插入一条repertory信息到数据仓库, id: 89045, name: 益消SABL风味发酵乳-原味
[2018-05-18 10:43:59] [INFO] 977, 插入一条repertory信息到数据仓库, id: 89752, name: 康师傅黑胡椒牛排面
[2018-05-18 10:43:59] [INFO] 978, 插入一条repertory信息到数据仓库, id: 23876, name: 康师傅经典香辣牛肉桶面
[2018-05-18 10:43:59] [INFO] 979, 插入一条repertory信息到数据仓库, id: 29783, name: 公仔面-上汤海鲜味(油炸方便面)
[2018-05-18 10:43:59] [INFO] 980, 插入一条repertory信息到数据仓库, id: 50398, name: 东鹏特饮维生素功能饮料250ml
[2018-05-18 10:43:59] [INFO] 981, 插入一条repertory信息到数据仓库, id: 17384, name: 黑人纳米炭纤洁牙刷
[2018-05-18 10:43:59] [INFO] 982, 插入一条repertory信息到数据仓库, id: 27400, name: 100g云南白药牙膏(薄荷清爽型)
[2018-05-18 10:43:59] [INFO] 983, 插入一条repertory信息到数据仓库, id: 31881, name: 115g舒肤佳薄荷舒爽型香皂
[2018-05-18 10:43:59] [INFO] 984, 插入一条repertory信息到数据仓库, id: 85318, name: 东北大板草原鲜奶味冰淇淋
[2018-05-18 10:43:59] [INFO] 985, 插入一条repertory信息到数据仓库, id: 7997, name: 利群（蓝天小包）
[2018-05-18 10:43:59] [INFO] 986, 插入一条repertory信息到数据仓库, id: 89753, name: api_监控
[2018-05-18 10:43:59] [INFO] 987, 插入一条repertory信息到数据仓库, id: 46045, name: 康师傅香辣牛肉桶面
[2018-05-18 10:43:59] [INFO] 988, 插入一条repertory信息到数据仓库, id: 17594, name: 青岛啤酒500ml
[2018-05-18 10:43:59] [INFO] 989, 插入一条repertory信息到数据仓库, id: 17120, name: 百年糊涂酒52度
[2018-05-18 10:43:59] [INFO] 990, 插入一条repertory信息到数据仓库, id: 5673, name: PET600ml百事可乐可乐型汽水
[2018-05-18 10:43:59] [INFO] 991, 插入一条repertory信息到数据仓库, id: 6268, name: 560mL饮用纯净水
[2018-05-18 10:43:59] [INFO] 992, 插入一条repertory信息到数据仓库, id: 12595, name: 雪花啤酒
[2018-05-18 10:43:59] [INFO] 993, 插入一条repertory信息到数据仓库, id: 63802, name: 黄鹤楼(硬金砂)
[2018-05-18 10:43:59] [INFO] 994, 插入一条repertory信息到数据仓库, id: 77938, name: 经典醇香双喜烟条
[2018-05-18 10:43:59] [INFO] 995, 插入一条repertory信息到数据仓库, id: 16775, name: 康师傅茉莉果茶550ml
[2018-05-18 10:43:59] [INFO] 996, 插入一条repertory信息到数据仓库, id: 7089, name: 康师傅桶面酸辣牛肉120g
[2018-05-18 10:43:59] [INFO] 997, 插入一条repertory信息到数据仓库, id: 17607, name: 玻璃瓶可乐雪碧芬达
[2018-05-18 10:43:59] [INFO] 998, 插入一条repertory信息到数据仓库, id: 71895, name: 新奇士黑加仑380ml
[2018-05-18 10:43:59] [INFO] 999, 插入一条repertory信息到数据仓库, id: 58355, name: 来一桶老坛酸菜牛肉味面
[2018-05-18 10:43:59] [INFO] 1000, 插入一条repertory信息到数据仓库, id: 31266, name: 七匹狼（蓝）20支
[2018-05-18 10:43:59] [INFO] 查询上次查询的更新id(repertory)方法: 从文件中取得last_update为: 2018-05-17 21:13:59
[2018-05-18 10:43:59] [INFO] 写last_update(repertory)到缓存文件中, 当前last_update为: 2018-05-17 21:13:59, 当前写入: 2018-05-18 00:10:20
